This is pdfTeX, Version 3.14159265-2.6-1.40.19 (TeX Live 2018) (preloaded format=pdflatex 2018.7.2)  4 JUL 2018 20:48
entering extended mode
 restricted \write18 enabled.
 %&-line parsing enabled.
**refman
(./refman.tex
LaTeX2e <2018-04-01> patch level 5

(/usr/local/texlive/2018/texmf-dist/tex/latex/base/article.cls
Document Class: article 2014/09/29 v1.4h Standard LaTeX document class
(/usr/local/texlive/2018/texmf-dist/tex/latex/base/size10.clo
File: size10.clo 2014/09/29 v1.4h Standard LaTeX file (size option)
)
\c@part=\count80
\c@section=\count81
\c@subsection=\count82
\c@subsubsection=\count83
\c@paragraph=\count84
\c@subparagraph=\count85
\c@figure=\count86
\c@table=\count87
\abovecaptionskip=\skip41
\belowcaptionskip=\skip42
\bibindent=\dimen102
) (/usr/local/texlive/2018/texmf-dist/tex/latex/base/fixltx2e.sty
Package: fixltx2e 2016/12/29 v2.1a fixes to LaTeX (obsolete)
Applying: [2015/01/01] Old fixltx2e package on input line 46.

Package fixltx2e Warning: fixltx2e is not required with releases after 2015
(fixltx2e)                All fixes are now in the LaTeX kernel.
(fixltx2e)                See the latexrelease package for details.

Already applied: [0000/00/00] Old fixltx2e package on input line 53.
) (/usr/local/texlive/2018/texmf-dist/tex/latex/tools/calc.sty
Package: calc 2017/05/25 v4.3 Infix arithmetic (KKT,FJ)
\calc@Acount=\count88
\calc@Bcount=\count89
\calc@Adimen=\dimen103
\calc@Bdimen=\dimen104
\calc@Askip=\skip43
\calc@Bskip=\skip44
LaTeX Info: Redefining \setlength on input line 80.
LaTeX Info: Redefining \addtolength on input line 81.
\calc@Ccount=\count90
\calc@Cskip=\skip45
) (./doxygen.sty
Package: doxygen 
(/usr/local/texlive/2018/texmf-dist/tex/latex/base/alltt.sty
Package: alltt 1997/06/16 v2.0g defines alltt environment
) (/usr/local/texlive/2018/texmf-dist/tex/latex/tools/array.sty
Package: array 2018/04/30 v2.4h Tabular extension package (FMi)
\col@sep=\dimen105
\ar@mcellbox=\box26
\extrarowheight=\dimen106
\NC@list=\toks14
\extratabsurround=\skip46
\backup@length=\skip47
\ar@cellbox=\box27
) (/usr/local/texlive/2018/texmf-dist/tex/latex/float/float.sty
Package: float 2001/11/08 v1.3d Float enhancements (AL)
\c@float@type=\count91
\float@exts=\toks15
\float@box=\box28
\@float@everytoks=\toks16
\@floatcapt=\box29
) (/usr/local/texlive/2018/texmf-dist/tex/latex/base/ifthen.sty
Package: ifthen 2014/09/29 v1.1c Standard LaTeX ifthen package (DPC)
) (/usr/local/texlive/2018/texmf-dist/tex/latex/tools/verbatim.sty
Package: verbatim 2014/10/28 v1.5q LaTeX2e package for verbatim enhancements
\every@verbatim=\toks17
\verbatim@line=\toks18
\verbatim@in@stream=\read1
) (/usr/local/texlive/2018/texmf-dist/tex/latex/xcolor/xcolor.sty
Package: xcolor 2016/05/11 v2.12 LaTeX color extensions (UK)
(/usr/local/texlive/2018/texmf-dist/tex/latex/graphics-cfg/color.cfg
File: color.cfg 2016/01/02 v1.6 sample color configuration
)
Package xcolor Info: Driver file: pdftex.def on input line 225.
(/usr/local/texlive/2018/texmf-dist/tex/latex/graphics-def/pdftex.def
File: pdftex.def 2018/01/08 v1.0l Graphics/color driver for pdftex
) (/usr/local/texlive/2018/texmf-dist/tex/latex/colortbl/colortbl.sty
Package: colortbl 2018/05/02 v1.0c Color table columns (DPC)
\everycr=\toks19
\minrowclearance=\skip48
)
\rownum=\count92
Package xcolor Info: Model `cmy' substituted by `cmy0' on input line 1348.
Package xcolor Info: Model `hsb' substituted by `rgb' on input line 1352.
Package xcolor Info: Model `RGB' extended on input line 1364.
Package xcolor Info: Model `HTML' substituted by `rgb' on input line 1366.
Package xcolor Info: Model `Hsb' substituted by `hsb' on input line 1367.
Package xcolor Info: Model `tHsb' substituted by `hsb' on input line 1368.
Package xcolor Info: Model `HSB' substituted by `hsb' on input line 1369.
Package xcolor Info: Model `Gray' substituted by `gray' on input line 1370.
Package xcolor Info: Model `wave' substituted by `hsb' on input line 1371.
) (/usr/local/texlive/2018/texmf-dist/tex/latex/tools/longtable.sty
Package: longtable 2014/10/28 v4.11 Multi-page Table package (DPC)
\LTleft=\skip49
\LTright=\skip50
\LTpre=\skip51
\LTpost=\skip52
\LTchunksize=\count93
\LTcapwidth=\dimen107
\LT@head=\box30
\LT@firsthead=\box31
\LT@foot=\box32
\LT@lastfoot=\box33
\LT@cols=\count94
\LT@rows=\count95
\c@LT@tables=\count96
\c@LT@chunks=\count97
\LT@p@ftn=\toks20
) (/usr/local/texlive/2018/texmf-dist/tex/latex/tabu/tabu.sty
Package: tabu 2011/02/26 v2.8 - flexible LaTeX tabulars (FC)
(/usr/local/texlive/2018/texmf-dist/tex/latex/varwidth/varwidth.sty
Package: varwidth 2009/03/30 ver 0.92;  Variable-width minipages
\@vwid@box=\box34
\sift@deathcycles=\count98
\@vwid@loff=\dimen108
\@vwid@roff=\dimen109
)
\c@taburow=\count99
\tabu@nbcols=\count100
\tabu@cnt=\count101
\tabu@Xcol=\count102
\tabu@alloc=\count103
\tabu@nested=\count104
\tabu@target=\dimen110
\tabu@spreadtarget=\dimen111
\tabu@naturalX=\dimen112
\tabucolX=\dimen113
\tabu@Xsum=\dimen114
\extrarowdepth=\dimen115
\abovetabulinesep=\dimen116
\belowtabulinesep=\dimen117
\tabustrutrule=\dimen118
\tabu@thebody=\toks21
\tabu@footnotes=\toks22
\tabu@box=\box35
\tabu@arstrutbox=\box36
\tabu@hleads=\box37
\tabu@vleads=\box38
\tabu@cellskip=\skip53
) (/usr/local/texlive/2018/texmf-dist/tex/latex/tools/tabularx.sty
Package: tabularx 2016/02/03 v2.11b `tabularx' package (DPC)
\TX@col@width=\dimen119
\TX@old@table=\dimen120
\TX@old@col=\dimen121
\TX@target=\dimen122
\TX@delta=\dimen123
\TX@cols=\count105
\TX@ftn=\toks23
) (/usr/local/texlive/2018/texmf-dist/tex/latex/multirow/multirow.sty
Package: multirow 2016/11/25 v2.2 Span multiple rows of a table
\multirow@colwidth=\skip54
\multirow@cntb=\count106
\multirow@dima=\skip55
\bigstrutjot=\dimen124
)
\xrefbox=\box39
\xreflength=\skip56
) (/usr/local/texlive/2018/texmf-dist/tex/latex/adjustbox/adjustbox.sty
Package: adjustbox 2018/04/08 v1.1 Adjusting TeX boxes (trim, clip, ...)
(/usr/local/texlive/2018/texmf-dist/tex/latex/xkeyval/xkeyval.sty
Package: xkeyval 2014/12/03 v2.7a package option processing (HA)
(/usr/local/texlive/2018/texmf-dist/tex/generic/xkeyval/xkeyval.tex (/usr/local
/texlive/2018/texmf-dist/tex/generic/xkeyval/xkvutils.tex
\XKV@toks=\toks24
\XKV@tempa@toks=\toks25
(/usr/local/texlive/2018/texmf-dist/tex/generic/xkeyval/keyval.tex))
\XKV@depth=\count107
File: xkeyval.tex 2014/12/03 v2.7a key=value parser (HA)
)) (/usr/local/texlive/2018/texmf-dist/tex/latex/adjustbox/adjcalc.sty
Package: adjcalc 2012/05/16 v1.1 Provides advanced setlength with multiple back
-ends (calc, etex, pgfmath)
) (/usr/local/texlive/2018/texmf-dist/tex/latex/adjustbox/trimclip.sty
Package: trimclip 2018/04/08 v1.1 Trim and clip general TeX material
(/usr/local/texlive/2018/texmf-dist/tex/latex/graphics/graphicx.sty
Package: graphicx 2017/06/01 v1.1a Enhanced LaTeX Graphics (DPC,SPQR)
(/usr/local/texlive/2018/texmf-dist/tex/latex/graphics/graphics.sty
Package: graphics 2017/06/25 v1.2c Standard LaTeX Graphics (DPC,SPQR)
(/usr/local/texlive/2018/texmf-dist/tex/latex/graphics/trig.sty
Package: trig 2016/01/03 v1.10 sin cos tan (DPC)
) (/usr/local/texlive/2018/texmf-dist/tex/latex/graphics-cfg/graphics.cfg
File: graphics.cfg 2016/06/04 v1.11 sample graphics configuration
)
Package graphics Info: Driver file: pdftex.def on input line 99.
)
\Gin@req@height=\dimen125
\Gin@req@width=\dimen126
) (/usr/local/texlive/2018/texmf-dist/tex/latex/collectbox/collectbox.sty
Package: collectbox 2012/05/17 v0.4b Collect macro arguments as boxes
\collectedbox=\box40
)
\tc@llx=\dimen127
\tc@lly=\dimen128
\tc@urx=\dimen129
\tc@ury=\dimen130
Package trimclip Info: Using driver 'tc-pdftex.def'.
(/usr/local/texlive/2018/texmf-dist/tex/latex/adjustbox/tc-pdftex.def
File: tc-pdftex.def 2018/04/08 v2.1 Clipping driver for pdftex
))
\adjbox@Width=\dimen131
\adjbox@Height=\dimen132
\adjbox@Depth=\dimen133
\adjbox@Totalheight=\dimen134
\adjbox@pwidth=\dimen135
\adjbox@pheight=\dimen136
\adjbox@pdepth=\dimen137
\adjbox@ptotalheight=\dimen138
(/usr/local/texlive/2018/texmf-dist/tex/latex/ifoddpage/ifoddpage.sty
Package: ifoddpage 2016/04/23 v1.1 Conditionals for odd/even page detection
\c@checkoddpage=\count108
)) (/usr/local/texlive/2018/texmf-dist/tex/latex/base/inputenc.sty
Package: inputenc 2018/04/06 v1.3b Input encoding file
\inpenc@prehook=\toks26
\inpenc@posthook=\toks27
) (/usr/local/texlive/2018/texmf-dist/tex/latex/base/makeidx.sty
Package: makeidx 2014/09/29 v1.0m Standard LaTeX package
) (/usr/local/texlive/2018/texmf-dist/tex/latex/tools/multicol.sty
Package: multicol 2018/04/20 v1.8s multicolumn formatting (FMi)
\c@tracingmulticols=\count109
\mult@box=\box41
\multicol@leftmargin=\dimen139
\c@unbalance=\count110
\c@collectmore=\count111
\doublecol@number=\count112
\multicoltolerance=\count113
\multicolpretolerance=\count114
\full@width=\dimen140
\page@free=\dimen141
\premulticols=\dimen142
\postmulticols=\dimen143
\multicolsep=\skip57
\multicolbaselineskip=\skip58
\partial@page=\box42
\last@line=\box43
\maxbalancingoverflow=\dimen144
\mult@rightbox=\box44
\mult@grightbox=\box45
\mult@gfirstbox=\box46
\mult@firstbox=\box47
\@tempa=\box48
\@tempa=\box49
\@tempa=\box50
\@tempa=\box51
\@tempa=\box52
\@tempa=\box53
\@tempa=\box54
\@tempa=\box55
\@tempa=\box56
\@tempa=\box57
\@tempa=\box58
\@tempa=\box59
\@tempa=\box60
\@tempa=\box61
\@tempa=\box62
\@tempa=\box63
\@tempa=\box64
\c@columnbadness=\count115
\c@finalcolumnbadness=\count116
\last@try=\dimen145
\multicolovershoot=\dimen146
\multicolundershoot=\dimen147
\mult@nat@firstbox=\box65
\colbreak@box=\box66
\mc@col@check@num=\count117
) (/usr/local/texlive/2018/texmf-dist/tex/latex/base/textcomp.sty
Package: textcomp 2017/04/05 v2.0i Standard LaTeX package
Package textcomp Info: Sub-encoding information:
(textcomp)               5 = only ISO-Adobe without \textcurrency
(textcomp)               4 = 5 + \texteuro
(textcomp)               3 = 4 + \textohm
(textcomp)               2 = 3 + \textestimated + \textcurrency
(textcomp)               1 = TS1 - \textcircled - \t
(textcomp)               0 = TS1 (full)
(textcomp)             Font families with sub-encoding setting implement
(textcomp)             only a restricted character set as indicated.
(textcomp)             Family '?' is the default used for unknown fonts.
(textcomp)             See the documentation for details.
Package textcomp Info: Setting ? sub-encoding to TS1/1 on input line 79.
(/usr/local/texlive/2018/texmf-dist/tex/latex/base/ts1enc.def
File: ts1enc.def 2001/06/05 v3.0e (jk/car/fm) Standard LaTeX file
Now handling font encoding TS1 ...
... processing UTF-8 mapping file for font encoding TS1
(/usr/local/texlive/2018/texmf-dist/tex/latex/base/ts1enc.dfu
File: ts1enc.dfu 2018/04/05 v1.2c UTF-8 support for inputenc
   defining Unicode char U+00A2 (decimal 162)
   defining Unicode char U+00A3 (decimal 163)
   defining Unicode char U+00A4 (decimal 164)
   defining Unicode char U+00A5 (decimal 165)
   defining Unicode char U+00A6 (decimal 166)
   defining Unicode char U+00A7 (decimal 167)
   defining Unicode char U+00A8 (decimal 168)
   defining Unicode char U+00A9 (decimal 169)
   defining Unicode char U+00AA (decimal 170)
   defining Unicode char U+00AC (decimal 172)
   defining Unicode char U+00AE (decimal 174)
   defining Unicode char U+00AF (decimal 175)
   defining Unicode char U+00B0 (decimal 176)
   defining Unicode char U+00B1 (decimal 177)
   defining Unicode char U+00B2 (decimal 178)
   defining Unicode char U+00B3 (decimal 179)
   defining Unicode char U+00B4 (decimal 180)
   defining Unicode char U+00B5 (decimal 181)
   defining Unicode char U+00B6 (decimal 182)
   defining Unicode char U+00B7 (decimal 183)
   defining Unicode char U+00B9 (decimal 185)
   defining Unicode char U+00BA (decimal 186)
   defining Unicode char U+00BC (decimal 188)
   defining Unicode char U+00BD (decimal 189)
   defining Unicode char U+00BE (decimal 190)
   defining Unicode char U+00D7 (decimal 215)
   defining Unicode char U+00F7 (decimal 247)
   defining Unicode char U+0192 (decimal 402)
   defining Unicode char U+02C7 (decimal 711)
   defining Unicode char U+02D8 (decimal 728)
   defining Unicode char U+02DD (decimal 733)
   defining Unicode char U+0E3F (decimal 3647)
   defining Unicode char U+2016 (decimal 8214)
   defining Unicode char U+2020 (decimal 8224)
   defining Unicode char U+2021 (decimal 8225)
   defining Unicode char U+2022 (decimal 8226)
   defining Unicode char U+2030 (decimal 8240)
   defining Unicode char U+2031 (decimal 8241)
   defining Unicode char U+203B (decimal 8251)
   defining Unicode char U+203D (decimal 8253)
   defining Unicode char U+2044 (decimal 8260)
   defining Unicode char U+204E (decimal 8270)
   defining Unicode char U+2052 (decimal 8274)
   defining Unicode char U+20A1 (decimal 8353)
   defining Unicode char U+20A4 (decimal 8356)
   defining Unicode char U+20A6 (decimal 8358)
   defining Unicode char U+20A9 (decimal 8361)
   defining Unicode char U+20AB (decimal 8363)
   defining Unicode char U+20AC (decimal 8364)
   defining Unicode char U+20B1 (decimal 8369)
   defining Unicode char U+2103 (decimal 8451)
   defining Unicode char U+2116 (decimal 8470)
   defining Unicode char U+2117 (decimal 8471)
   defining Unicode char U+211E (decimal 8478)
   defining Unicode char U+2120 (decimal 8480)
   defining Unicode char U+2122 (decimal 8482)
   defining Unicode char U+2126 (decimal 8486)
   defining Unicode char U+2127 (decimal 8487)
   defining Unicode char U+212E (decimal 8494)
   defining Unicode char U+2190 (decimal 8592)
   defining Unicode char U+2191 (decimal 8593)
   defining Unicode char U+2192 (decimal 8594)
   defining Unicode char U+2193 (decimal 8595)
   defining Unicode char U+2329 (decimal 9001)
   defining Unicode char U+232A (decimal 9002)
   defining Unicode char U+2422 (decimal 9250)
   defining Unicode char U+25E6 (decimal 9702)
   defining Unicode char U+25EF (decimal 9711)
   defining Unicode char U+266A (decimal 9834)
   defining Unicode char U+FEFF (decimal 65279)
))
LaTeX Info: Redefining \oldstylenums on input line 334.
Package textcomp Info: Setting cmr sub-encoding to TS1/0 on input line 349.
Package textcomp Info: Setting cmss sub-encoding to TS1/0 on input line 350.
Package textcomp Info: Setting cmtt sub-encoding to TS1/0 on input line 351.
Package textcomp Info: Setting cmvtt sub-encoding to TS1/0 on input line 352.
Package textcomp Info: Setting cmbr sub-encoding to TS1/0 on input line 353.
Package textcomp Info: Setting cmtl sub-encoding to TS1/0 on input line 354.
Package textcomp Info: Setting ccr sub-encoding to TS1/0 on input line 355.
Package textcomp Info: Setting ptm sub-encoding to TS1/4 on input line 356.
Package textcomp Info: Setting pcr sub-encoding to TS1/4 on input line 357.
Package textcomp Info: Setting phv sub-encoding to TS1/4 on input line 358.
Package textcomp Info: Setting ppl sub-encoding to TS1/3 on input line 359.
Package textcomp Info: Setting pag sub-encoding to TS1/4 on input line 360.
Package textcomp Info: Setting pbk sub-encoding to TS1/4 on input line 361.
Package textcomp Info: Setting pnc sub-encoding to TS1/4 on input line 362.
Package textcomp Info: Setting pzc sub-encoding to TS1/4 on input line 363.
Package textcomp Info: Setting bch sub-encoding to TS1/4 on input line 364.
Package textcomp Info: Setting put sub-encoding to TS1/5 on input line 365.
Package textcomp Info: Setting uag sub-encoding to TS1/5 on input line 366.
Package textcomp Info: Setting ugq sub-encoding to TS1/5 on input line 367.
Package textcomp Info: Setting ul8 sub-encoding to TS1/4 on input line 368.
Package textcomp Info: Setting ul9 sub-encoding to TS1/4 on input line 369.
Package textcomp Info: Setting augie sub-encoding to TS1/5 on input line 370.
Package textcomp Info: Setting dayrom sub-encoding to TS1/3 on input line 371.
Package textcomp Info: Setting dayroms sub-encoding to TS1/3 on input line 372.

Package textcomp Info: Setting pxr sub-encoding to TS1/0 on input line 373.
Package textcomp Info: Setting pxss sub-encoding to TS1/0 on input line 374.
Package textcomp Info: Setting pxtt sub-encoding to TS1/0 on input line 375.
Package textcomp Info: Setting txr sub-encoding to TS1/0 on input line 376.
Package textcomp Info: Setting txss sub-encoding to TS1/0 on input line 377.
Package textcomp Info: Setting txtt sub-encoding to TS1/0 on input line 378.
Package textcomp Info: Setting lmr sub-encoding to TS1/0 on input line 379.
Package textcomp Info: Setting lmdh sub-encoding to TS1/0 on input line 380.
Package textcomp Info: Setting lmss sub-encoding to TS1/0 on input line 381.
Package textcomp Info: Setting lmssq sub-encoding to TS1/0 on input line 382.
Package textcomp Info: Setting lmvtt sub-encoding to TS1/0 on input line 383.
Package textcomp Info: Setting lmtt sub-encoding to TS1/0 on input line 384.
Package textcomp Info: Setting qhv sub-encoding to TS1/0 on input line 385.
Package textcomp Info: Setting qag sub-encoding to TS1/0 on input line 386.
Package textcomp Info: Setting qbk sub-encoding to TS1/0 on input line 387.
Package textcomp Info: Setting qcr sub-encoding to TS1/0 on input line 388.
Package textcomp Info: Setting qcs sub-encoding to TS1/0 on input line 389.
Package textcomp Info: Setting qpl sub-encoding to TS1/0 on input line 390.
Package textcomp Info: Setting qtm sub-encoding to TS1/0 on input line 391.
Package textcomp Info: Setting qzc sub-encoding to TS1/0 on input line 392.
Package textcomp Info: Setting qhvc sub-encoding to TS1/0 on input line 393.
Package textcomp Info: Setting futs sub-encoding to TS1/4 on input line 394.
Package textcomp Info: Setting futx sub-encoding to TS1/4 on input line 395.
Package textcomp Info: Setting futj sub-encoding to TS1/4 on input line 396.
Package textcomp Info: Setting hlh sub-encoding to TS1/3 on input line 397.
Package textcomp Info: Setting hls sub-encoding to TS1/3 on input line 398.
Package textcomp Info: Setting hlst sub-encoding to TS1/3 on input line 399.
Package textcomp Info: Setting hlct sub-encoding to TS1/5 on input line 400.
Package textcomp Info: Setting hlx sub-encoding to TS1/5 on input line 401.
Package textcomp Info: Setting hlce sub-encoding to TS1/5 on input line 402.
Package textcomp Info: Setting hlcn sub-encoding to TS1/5 on input line 403.
Package textcomp Info: Setting hlcw sub-encoding to TS1/5 on input line 404.
Package textcomp Info: Setting hlcf sub-encoding to TS1/5 on input line 405.
Package textcomp Info: Setting pplx sub-encoding to TS1/3 on input line 406.
Package textcomp Info: Setting pplj sub-encoding to TS1/3 on input line 407.
Package textcomp Info: Setting ptmx sub-encoding to TS1/4 on input line 408.
Package textcomp Info: Setting ptmj sub-encoding to TS1/4 on input line 409.
) (/usr/local/texlive/2018/texmf-dist/tex/latex/wasysym/wasysym.sty
Package: wasysym 2003/10/30 v2.0 Wasy-2 symbol support package
\symwasy=\mathgroup4
LaTeX Font Info:    Overwriting symbol font `wasy' in version `bold'
(Font)                  U/wasy/m/n --> U/wasy/b/n on input line 90.
) (/usr/local/texlive/2018/texmf-dist/tex/latex/base/fontenc.sty
Package: fontenc 2017/04/05 v2.0i Standard LaTeX package
(/usr/local/texlive/2018/texmf-dist/tex/latex/base/t1enc.def
File: t1enc.def 2017/04/05 v2.0i Standard LaTeX file
LaTeX Font Info:    Redeclaring font encoding T1 on input line 48.
)) (/usr/local/texlive/2018/texmf-dist/tex/latex/psnfss/helvet.sty
Package: helvet 2005/04/12 PSNFSS-v9.2a (WaS) 
) (/usr/local/texlive/2018/texmf-dist/tex/latex/psnfss/courier.sty
Package: courier 2005/04/12 PSNFSS-v9.2a (WaS) 
) (/usr/local/texlive/2018/texmf-dist/tex/latex/amsfonts/amssymb.sty
Package: amssymb 2013/01/14 v3.01 AMS font symbols
(/usr/local/texlive/2018/texmf-dist/tex/latex/amsfonts/amsfonts.sty
Package: amsfonts 2013/01/14 v3.01 Basic AMSFonts support
\@emptytoks=\toks28
\symAMSa=\mathgroup5
\symAMSb=\mathgroup6
LaTeX Font Info:    Overwriting math alphabet `\mathfrak' in version `bold'
(Font)                  U/euf/m/n --> U/euf/b/n on input line 106.
)) (/usr/local/texlive/2018/texmf-dist/tex/latex/sectsty/sectsty.sty
Package: sectsty 2002/02/25 v2.0.2 Commands to change all sectional heading sty
les
) (/usr/local/texlive/2018/texmf-dist/tex/latex/geometry/geometry.sty
Package: geometry 2018/04/16 v5.8 Page Geometry
(/usr/local/texlive/2018/texmf-dist/tex/generic/oberdiek/ifpdf.sty
Package: ifpdf 2017/03/15 v3.2 Provides the ifpdf switch
) (/usr/local/texlive/2018/texmf-dist/tex/generic/oberdiek/ifvtex.sty
Package: ifvtex 2016/05/16 v1.6 Detect VTeX and its facilities (HO)
Package ifvtex Info: VTeX not detected.
) (/usr/local/texlive/2018/texmf-dist/tex/generic/ifxetex/ifxetex.sty
Package: ifxetex 2010/09/12 v0.6 Provides ifxetex conditional
)
\Gm@cnth=\count118
\Gm@cntv=\count119
\c@Gm@tempcnt=\count120
\Gm@bindingoffset=\dimen148
\Gm@wd@mp=\dimen149
\Gm@odd@mp=\dimen150
\Gm@even@mp=\dimen151
\Gm@layoutwidth=\dimen152
\Gm@layoutheight=\dimen153
\Gm@layouthoffset=\dimen154
\Gm@layoutvoffset=\dimen155
\Gm@dimlist=\toks29
) (/usr/local/texlive/2018/texmf-dist/tex/latex/fancyhdr/fancyhdr.sty
Package: fancyhdr 2017/06/30 v3.9a Extensive control of page headers and footer
s
\f@nch@headwidth=\skip59
\f@nch@O@elh=\skip60
\f@nch@O@erh=\skip61
\f@nch@O@olh=\skip62
\f@nch@O@orh=\skip63
\f@nch@O@elf=\skip64
\f@nch@O@erf=\skip65
\f@nch@O@olf=\skip66
\f@nch@O@orf=\skip67
) (/usr/local/texlive/2018/texmf-dist/tex/latex/natbib/natbib.sty
Package: natbib 2010/09/13 8.31b (PWD, AO)
\bibhang=\skip68
\bibsep=\skip69
LaTeX Info: Redefining \cite on input line 694.
\c@NAT@ctr=\count121
) (/usr/local/texlive/2018/texmf-dist/tex/latex/tocloft/tocloft.sty
Package: tocloft 2017/08/31 v2.3i parameterised ToC, etc., typesetting
Package tocloft Info: The document has section divisions on input line 51.
\cftparskip=\skip70
\cftbeforetoctitleskip=\skip71
\cftaftertoctitleskip=\skip72
\cftbeforepartskip=\skip73
\cftpartnumwidth=\skip74
\cftpartindent=\skip75
\cftbeforesecskip=\skip76
\cftsecindent=\skip77
\cftsecnumwidth=\skip78
\cftbeforesubsecskip=\skip79
\cftsubsecindent=\skip80
\cftsubsecnumwidth=\skip81
\cftbeforesubsubsecskip=\skip82
\cftsubsubsecindent=\skip83
\cftsubsubsecnumwidth=\skip84
\cftbeforeparaskip=\skip85
\cftparaindent=\skip86
\cftparanumwidth=\skip87
\cftbeforesubparaskip=\skip88
\cftsubparaindent=\skip89
\cftsubparanumwidth=\skip90
\cftbeforeloftitleskip=\skip91
\cftafterloftitleskip=\skip92
\cftbeforefigskip=\skip93
\cftfigindent=\skip94
\cftfignumwidth=\skip95
\c@lofdepth=\count122
\c@lotdepth=\count123
\cftbeforelottitleskip=\skip96
\cftafterlottitleskip=\skip97
\cftbeforetabskip=\skip98
\cfttabindent=\skip99
\cfttabnumwidth=\skip100
)
\@indexfile=\write3
\openout3 = `refman.idx'.

Writing index file refman.idx
(/usr/local/texlive/2018/texmf-dist/tex/latex/hyperref/hyperref.sty
Package: hyperref 2018/02/06 v6.86b Hypertext links for LaTeX
(/usr/local/texlive/2018/texmf-dist/tex/generic/oberdiek/hobsub-hyperref.sty
Package: hobsub-hyperref 2016/05/16 v1.14 Bundle oberdiek, subset hyperref (HO)

(/usr/local/texlive/2018/texmf-dist/tex/generic/oberdiek/hobsub-generic.sty
Package: hobsub-generic 2016/05/16 v1.14 Bundle oberdiek, subset generic (HO)
Package: hobsub 2016/05/16 v1.14 Construct package bundles (HO)
Package: infwarerr 2016/05/16 v1.4 Providing info/warning/error messages (HO)
Package: ltxcmds 2016/05/16 v1.23 LaTeX kernel commands for general use (HO)
Package: ifluatex 2016/05/16 v1.4 Provides the ifluatex switch (HO)
Package ifluatex Info: LuaTeX not detected.
Package hobsub Info: Skipping package `ifvtex' (already loaded).
Package: intcalc 2016/05/16 v1.2 Expandable calculations with integers (HO)
Package hobsub Info: Skipping package `ifpdf' (already loaded).
Package: etexcmds 2016/05/16 v1.6 Avoid name clashes with e-TeX commands (HO)
Package etexcmds Info: Could not find \expanded.
(etexcmds)             That can mean that you are not using pdfTeX 1.50 or
(etexcmds)             that some package has redefined \expanded.
(etexcmds)             In the latter case, load this package earlier.
Package: kvsetkeys 2016/05/16 v1.17 Key value parser (HO)
Package: kvdefinekeys 2016/05/16 v1.4 Define keys (HO)
Package: pdftexcmds 2018/01/30 v0.27 Utility functions of pdfTeX for LuaTeX (HO
)
Package pdftexcmds Info: LuaTeX not detected.
Package pdftexcmds Info: \pdf@primitive is available.
Package pdftexcmds Info: \pdf@ifprimitive is available.
Package pdftexcmds Info: \pdfdraftmode found.
Package: pdfescape 2016/05/16 v1.14 Implements pdfTeX's escape features (HO)
Package: bigintcalc 2016/05/16 v1.4 Expandable calculations on big integers (HO
)
Package: bitset 2016/05/16 v1.2 Handle bit-vector datatype (HO)
Package: uniquecounter 2016/05/16 v1.3 Provide unlimited unique counter (HO)
)
Package hobsub Info: Skipping package `hobsub' (already loaded).
Package: letltxmacro 2016/05/16 v1.5 Let assignment for LaTeX macros (HO)
Package: hopatch 2016/05/16 v1.3 Wrapper for package hooks (HO)
Package: xcolor-patch 2016/05/16 xcolor patch
Package: atveryend 2016/05/16 v1.9 Hooks at the very end of document (HO)
Package atveryend Info: \enddocument detected (standard20110627).
Package: atbegshi 2016/06/09 v1.18 At begin shipout hook (HO)
Package: refcount 2016/05/16 v3.5 Data extraction from label references (HO)
Package: hycolor 2016/05/16 v1.8 Color options for hyperref/bookmark (HO)
) (/usr/local/texlive/2018/texmf-dist/tex/latex/oberdiek/auxhook.sty
Package: auxhook 2016/05/16 v1.4 Hooks for auxiliary files (HO)
) (/usr/local/texlive/2018/texmf-dist/tex/latex/oberdiek/kvoptions.sty
Package: kvoptions 2016/05/16 v3.12 Key value format for package options (HO)
)
\@linkdim=\dimen156
\Hy@linkcounter=\count124
\Hy@pagecounter=\count125
(/usr/local/texlive/2018/texmf-dist/tex/latex/hyperref/pd1enc.def
File: pd1enc.def 2018/02/06 v6.86b Hyperref: PDFDocEncoding definition (HO)
Now handling font encoding PD1 ...
... no UTF-8 mapping file for font encoding PD1
)
\Hy@SavedSpaceFactor=\count126
(/usr/local/texlive/2018/texmf-dist/tex/latex/latexconfig/hyperref.cfg
File: hyperref.cfg 2002/06/06 v1.2 hyperref configuration of TeXLive
)
Package hyperref Info: Hyper figures OFF on input line 4509.
Package hyperref Info: Link nesting OFF on input line 4514.
Package hyperref Info: Hyper index ON on input line 4517.
Package hyperref Info: Plain pages OFF on input line 4524.
Package hyperref Info: Backreferencing ON on input line 4527.
Package hyperref Info: Implicit mode ON; LaTeX internals redefined.
Package hyperref Info: Bookmarks ON on input line 4762.
(/usr/local/texlive/2018/texmf-dist/tex/latex/hyperref/backref.sty
Package: backref 2016/05/21 v1.39 Bibliographical back referencing
(/usr/local/texlive/2018/texmf-dist/tex/latex/oberdiek/rerunfilecheck.sty
Package: rerunfilecheck 2016/05/16 v1.8 Rerun checks for auxiliary files (HO)
Package uniquecounter Info: New unique counter `rerunfilecheck' on input line 2
82.
))
\c@Hy@tempcnt=\count127
(/usr/local/texlive/2018/texmf-dist/tex/latex/url/url.sty
\Urlmuskip=\muskip10
Package: url 2013/09/16  ver 3.4  Verb mode for urls, etc.
)
LaTeX Info: Redefining \url on input line 5115.
\XeTeXLinkMargin=\dimen157
\Fld@menulength=\count128
\Field@Width=\dimen158
\Fld@charsize=\dimen159
Package hyperref Info: Hyper figures OFF on input line 6369.
Package hyperref Info: Link nesting OFF on input line 6374.
Package hyperref Info: Hyper index ON on input line 6377.
Package hyperref Info: backreferencing ON on input line 6382.
Package hyperref Info: Link coloring OFF on input line 6389.
Package hyperref Info: Link coloring with OCG OFF on input line 6394.
Package hyperref Info: PDF/A mode OFF on input line 6399.
LaTeX Info: Redefining \ref on input line 6439.
LaTeX Info: Redefining \pageref on input line 6443.
\Hy@abspage=\count129
\c@Item=\count130
\c@Hfootnote=\count131
)
Package hyperref Info: Driver: hpdftex.
(/usr/local/texlive/2018/texmf-dist/tex/latex/hyperref/hpdftex.def
File: hpdftex.def 2018/02/06 v6.86b Hyperref driver for pdfTeX
\Fld@listcount=\count132
\c@bookmark@seq@number=\count133
\Hy@SectionHShift=\skip101
)
Package hyperref Info: Option `colorlinks' set `true' on input line 103.
Package hyperref Info: Option `unicode' set `true' on input line 103.
(/usr/local/texlive/2018/texmf-dist/tex/latex/hyperref/puenc.def
File: puenc.def 2018/02/06 v6.86b Hyperref: PDF Unicode definition (HO)
Now handling font encoding PU ...
... no UTF-8 mapping file for font encoding PU
) (/usr/local/texlive/2018/texmf-dist/tex/latex/caption/caption.sty
Package: caption 2018/05/01 v3.3-147 Customizing captions (AR)
(/usr/local/texlive/2018/texmf-dist/tex/latex/caption/caption3.sty
Package: caption3 2018/05/27 v1.8a caption3 kernel (AR)
Package caption3 Info: TeX engine: e-TeX on input line 64.
\captionmargin=\dimen160
\captionmargin@=\dimen161
\captionwidth=\dimen162
\caption@tempdima=\dimen163
\caption@indent=\dimen164
\caption@parindent=\dimen165
\caption@hangindent=\dimen166
)
\c@ContinuedFloat=\count134
Package caption Info: float package is loaded.
Package caption Info: hyperref package is loaded.
Package caption Info: longtable package is loaded.
(/usr/local/texlive/2018/texmf-dist/tex/latex/caption/ltcaption.sty
Package: ltcaption 2013/06/09 v1.4-94 longtable captions (AR)
))
No file refman.aux.
\openout1 = `refman.aux'.

LaTeX Font Info:    Checking defaults for OML/cmm/m/it on input line 115.
LaTeX Font Info:    ... okay on input line 115.
LaTeX Font Info:    Checking defaults for T1/cmr/m/n on input line 115.
LaTeX Font Info:    ... okay on input line 115.
LaTeX Font Info:    Checking defaults for OT1/cmr/m/n on input line 115.
LaTeX Font Info:    ... okay on input line 115.
LaTeX Font Info:    Checking defaults for OMS/cmsy/m/n on input line 115.
LaTeX Font Info:    ... okay on input line 115.
LaTeX Font Info:    Checking defaults for OMX/cmex/m/n on input line 115.
LaTeX Font Info:    ... okay on input line 115.
LaTeX Font Info:    Checking defaults for U/cmr/m/n on input line 115.
LaTeX Font Info:    ... okay on input line 115.
LaTeX Font Info:    Checking defaults for TS1/cmr/m/n on input line 115.
LaTeX Font Info:    Try loading font information for TS1+cmr on input line 115.

(/usr/local/texlive/2018/texmf-dist/tex/latex/base/ts1cmr.fd
File: ts1cmr.fd 2014/09/29 v2.5h Standard LaTeX font definitions
)
LaTeX Font Info:    ... okay on input line 115.
LaTeX Font Info:    Checking defaults for PD1/pdf/m/n on input line 115.
LaTeX Font Info:    ... okay on input line 115.
LaTeX Font Info:    Checking defaults for PU/pdf/m/n on input line 115.
LaTeX Font Info:    ... okay on input line 115.
LaTeX Font Info:    Try loading font information for T1+phv on input line 115.
(/usr/local/texlive/2018/texmf-dist/tex/latex/psnfss/t1phv.fd
File: t1phv.fd 2001/06/04 scalable font definitions for T1/phv.
)
LaTeX Font Info:    Font shape `T1/phv/m/n' will be
(Font)              scaled to size 8.99994pt on input line 115.
(/usr/local/texlive/2018/texmf-dist/tex/context/base/mkii/supp-pdf.mkii
[Loading MPS to PDF converter (version 2006.09.02).]
\scratchcounter=\count135
\scratchdimen=\dimen167
\scratchbox=\box67
\nofMPsegments=\count136
\nofMParguments=\count137
\everyMPshowfont=\toks30
\MPscratchCnt=\count138
\MPscratchDim=\dimen168
\MPnumerator=\count139
\makeMPintoPDFobject=\count140
\everyMPtoPDFconversion=\toks31
) (/usr/local/texlive/2018/texmf-dist/tex/latex/oberdiek/epstopdf-base.sty
Package: epstopdf-base 2016/05/15 v2.6 Base part for package epstopdf
(/usr/local/texlive/2018/texmf-dist/tex/latex/oberdiek/grfext.sty
Package: grfext 2016/05/16 v1.2 Manage graphics extensions (HO)
)
Package epstopdf-base Info: Redefining graphics rule for `.eps' on input line 4
38.
Package grfext Info: Graphics extension search list:
(grfext)             [.pdf,.png,.jpg,.mps,.jpeg,.jbig2,.jb2,.PDF,.PNG,.JPG,.JPE
G,.JBIG2,.JB2,.eps]
(grfext)             \AppendGraphicsExtensions on input line 456.
(/usr/local/texlive/2018/texmf-dist/tex/latex/latexconfig/epstopdf-sys.cfg
File: epstopdf-sys.cfg 2010/07/13 v1.3 Configuration of (r)epstopdf for TeX Liv
e
))
*geometry* driver: auto-detecting
*geometry* detected driver: pdftex
*geometry* verbose mode - [ preamble ] result:
* driver: pdftex
* paper: a4paper
* layout: <same size as paper>
* layoutoffset:(h,v)=(0.0pt,0.0pt)
* modes: twoside 
* h-part:(L,W,R)=(71.13188pt, 455.24411pt, 71.13188pt)
* v-part:(T,H,B)=(71.13188pt, 702.78308pt, 71.13188pt)
* \paperwidth=597.50787pt
* \paperheight=845.04684pt
* \textwidth=455.24411pt
* \textheight=702.78308pt
* \oddsidemargin=-1.1381pt
* \evensidemargin=-1.1381pt
* \topmargin=-38.1381pt
* \headheight=12.0pt
* \headsep=25.0pt
* \topskip=10.0pt
* \footskip=30.0pt
* \marginparwidth=121.0pt
* \marginparsep=11.0pt
* \columnsep=10.0pt
* \skip\footins=9.0pt plus 4.0pt minus 2.0pt
* \hoffset=0.0pt
* \voffset=0.0pt
* \mag=1000
* \@twocolumnfalse
* \@twosidetrue
* \@mparswitchtrue
* \@reversemarginfalse
* (1in=72.27pt=25.4mm, 1cm=28.453pt)

\AtBeginShipoutBox=\box68
Package backref Info: ** backref set up for natbib ** on input line 115.
Package hyperref Info: Link coloring ON on input line 115.
(/usr/local/texlive/2018/texmf-dist/tex/latex/hyperref/nameref.sty
Package: nameref 2016/05/21 v2.44 Cross-referencing by name of section
(/usr/local/texlive/2018/texmf-dist/tex/generic/oberdiek/gettitlestring.sty
Package: gettitlestring 2016/05/16 v1.5 Cleanup title references (HO)
)
\c@section@level=\count141
)
LaTeX Info: Redefining \ref on input line 115.
LaTeX Info: Redefining \pageref on input line 115.
LaTeX Info: Redefining \nameref on input line 115.
\@outlinefile=\write4
\openout4 = `refman.out'.

Package caption Info: Begin \AtBeginDocument code.
Package caption Info: End \AtBeginDocument code.
Package hyperref Info: Option `pageanchor' set `false' on input line 121.
Package hyperref Info: Option `bookmarksnumbered' set `true' on input line 121.

Package hyperref Info: Option `unicode' set `true' on input line 121.
LaTeX Font Info:    Font shape `T1/phv/m/n' will be
(Font)              scaled to size 12.9599pt on input line 126.
LaTeX Font Info:    Font shape `T1/phv/m/n' will be
(Font)              scaled to size 10.79993pt on input line 126.
LaTeX Font Info:    Font shape `T1/phv/m/n' will be
(Font)              scaled to size 6.29996pt on input line 126.
LaTeX Font Info:    Try loading font information for U+wasy on input line 126.
(/usr/local/texlive/2018/texmf-dist/tex/latex/wasysym/uwasy.fd
File: uwasy.fd 2003/10/30 v2.0 Wasy-2 symbol font definitions
)
LaTeX Font Info:    Try loading font information for U+msa on input line 126.
(/usr/local/texlive/2018/texmf-dist/tex/latex/amsfonts/umsa.fd
File: umsa.fd 2013/01/14 v3.01 AMS symbols A
)
LaTeX Font Info:    Try loading font information for U+msb on input line 126.
(/usr/local/texlive/2018/texmf-dist/tex/latex/amsfonts/umsb.fd
File: umsb.fd 2013/01/14 v3.01 AMS symbols B
)
LaTeX Font Info:    Font shape `T1/phv/m/n' will be
(Font)              scaled to size 8.09995pt on input line 130.
[1

{/usr/local/texlive/2018/texmf-var/fonts/map/pdftex/updmap/pdftex.map}]
LaTeX Font Info:    Font shape `T1/phv/bx/n' in size <14.4> not available
(Font)              Font shape `T1/phv/b/n' tried instead on input line 134.
LaTeX Font Info:    Font shape `T1/phv/b/n' will be
(Font)              scaled to size 12.9599pt on input line 134.
LaTeX Font Info:    Font shape `T1/phv/bc/n' will be
(Font)              scaled to size 12.9599pt on input line 134.
\tf@toc=\write5
\openout5 = `refman.toc'.

Package hyperref Info: Option `pageanchor' set `true' on input line 136.
(./index.tex
LaTeX Font Info:    Font shape `T1/phv/bx/n' in size <10> not available
(Font)              Font shape `T1/phv/b/n' tried instead on input line 1.
LaTeX Font Info:    Font shape `T1/phv/b/n' will be
(Font)              scaled to size 8.99994pt on input line 1.
LaTeX Font Info:    Font shape `T1/phv/bc/n' will be
(Font)              scaled to size 8.99994pt on input line 1.
LaTeX Font Info:    Try loading font information for TS1+phv on input line 5.
(/usr/local/texlive/2018/texmf-dist/tex/latex/psnfss/ts1phv.fd
File: ts1phv.fd 2001/06/04 scalable font definitions for TS1/phv.
)
LaTeX Font Info:    Font shape `TS1/phv/m/n' will be
(Font)              scaled to size 8.99994pt on input line 5.
LaTeX Font Info:    Try loading font information for T1+pcr on input line 53.
(/usr/local/texlive/2018/texmf-dist/tex/latex/psnfss/t1pcr.fd
File: t1pcr.fd 2001/06/04 font definitions for T1/pcr.
)) (./a00139.tex
LaTeX Font Info:    Font shape `T1/phv/bx/n' in size <7> not available
(Font)              Font shape `T1/phv/b/n' tried instead on input line 3.
LaTeX Font Info:    Font shape `T1/phv/b/n' will be
(Font)              scaled to size 6.29996pt on input line 3.
[1])
LaTeX Font Info:    Font shape `T1/phv/bc/n' will be
(Font)              scaled to size 6.29996pt on input line 145.
(./a00140.tex [2] [3]) (./a00141.tex) (./a00142.tex [4]) (./a00143.tex) (./a001
44.tex [5]) (./a00145.tex

! Package inputenc Error: Unicode character ； (U+FF1B)
(inputenc)                not set up for use with LaTeX.

See the inputenc package documentation for explanation.
Type  H <return>  for immediate help.
 ...                                              
                                                  
l.7 ...ee11ab3b05f31f0e16}{MemoryRead32}}(addr)；
                                                  
You may provide a definition with
\DeclareUnicodeCharacter 


! Package inputenc Error: Unicode character ； (U+FF1B)
(inputenc)                not set up for use with LaTeX.

See the inputenc package documentation for explanation.
Type  H <return>  for immediate help.
 ...                                              
                                                  
l.9 ...9fe1028b975b0}{MemoryWrite32}}(addr,val)；
                                                  
You may provide a definition with
\DeclareUnicodeCharacter 


! Package inputenc Error: Unicode character ； (U+FF1B)
(inputenc)                not set up for use with LaTeX.

See the inputenc package documentation for explanation.
Type  H <return>  for immediate help.
 ...                                              
                                                  
l.11 ...de5ddecf466e31e}{MemoryOr32}}(addr,val)；
                                                  
You may provide a definition with
\DeclareUnicodeCharacter 


! Package inputenc Error: Unicode character ； (U+FF1B)
(inputenc)                not set up for use with LaTeX.

See the inputenc package documentation for explanation.
Type  H <return>  for immediate help.
 ...                                              
                                                  
l.13 ...2594fce55173d4}{MemoryAnd32}}(addr,val)；
                                                  
You may provide a definition with
\DeclareUnicodeCharacter 


! Package inputenc Error: Unicode character ； (U+FF1B)
(inputenc)                not set up for use with LaTeX.

See the inputenc package documentation for explanation.
Type  H <return>  for immediate help.
 ...                                              
                                                  
l.15 ...c1ad9dac1c4750}{MemoryBitAt}}(addr,val)；
                                                  
You may provide a definition with
\DeclareUnicodeCharacter 


! Package inputenc Error: Unicode character ； (U+FF1B)
(inputenc)                not set up for use with LaTeX.

See the inputenc package documentation for explanation.
Type  H <return>  for immediate help.
 ...                                              
                                                  
l.17 ...758ef00c42d1b6}{MemoryBitOn}}(addr,val)；
                                                  
You may provide a definition with
\DeclareUnicodeCharacter 


! Package inputenc Error: Unicode character ； (U+FF1B)
(inputenc)                not set up for use with LaTeX.

See the inputenc package documentation for explanation.
Type  H <return>  for immediate help.
 ...                                              
                                                  
l.19 ...a2dc5a235622b}{MemoryBitOff}}(addr,val)；
                                                  
You may provide a definition with
\DeclareUnicodeCharacter 


! Package inputenc Error: Unicode character ； (U+FF1B)
(inputenc)                not set up for use with LaTeX.

See the inputenc package documentation for explanation.
Type  H <return>  for immediate help.
 ...                                              
                                                  
l.21 ...d307ade78d}{MemoryBitSwitch}}(addr,val)；
                                                  
You may provide a definition with
\DeclareUnicodeCharacter 


! Package inputenc Error: Unicode character ； (U+FF1B)
(inputenc)                not set up for use with LaTeX.

See the inputenc package documentation for explanation.
Type  H <return>  for immediate help.
 ...                                              
                                                  
l.23 ...ff4cb6654061b7d21909}{JumpTo}}(address)；
                                                  
You may provide a definition with
\DeclareUnicodeCharacter 

) (./a00146.tex [6]) (./a00147.tex [7]) (./a00148.tex [8]

! Package inputenc Error: Unicode character （ (U+FF08)
(inputenc)                not set up for use with LaTeX.

See the inputenc package documentation for explanation.
Type  H <return>  for immediate help.
 ...                                              
                                                  
l.53 ...type}{float} a = fp\_int32\_to\_float32（
                                                  -123）；  \textcolor{com...

You may provide a definition with
\DeclareUnicodeCharacter 


! Package inputenc Error: Unicode character ） (U+FF09)
(inputenc)                not set up for use with LaTeX.

See the inputenc package documentation for explanation.
Type  H <return>  for immediate help.
 ...                                              
                                                  
l.53 ...loat} a = fp\_int32\_to\_float32（-123）
                                                  ；  \textcolor{comment}{/...

You may provide a definition with
\DeclareUnicodeCharacter 


! Package inputenc Error: Unicode character ； (U+FF1B)
(inputenc)                not set up for use with LaTeX.

See the inputenc package documentation for explanation.
Type  H <return>  for immediate help.
 ...                                              
                                                  
l.53 ...t} a = fp\_int32\_to\_float32（-123）；
                                                    \textcolor{comment}{// c...

You may provide a definition with
\DeclareUnicodeCharacter 

) (./a00149.tex [9]) (./a00150.tex) (./a00151.tex [10]) (./a00152.tex) (./a0015
3.tex [11]) (./a00154.tex [12]) (./a00155.tex [13]) (./a00156.tex) (./a00157.te
x [14]) (./a00158.tex [15]) (./a00159.tex) (./a00160.tex [16]) (./annotated.tex
LaTeX Font Info:    Font shape `T1/phv/bx/n' in size <12> not available
(Font)              Font shape `T1/phv/b/n' tried instead on input line 1.
LaTeX Font Info:    Font shape `T1/phv/b/n' will be
(Font)              scaled to size 10.79993pt on input line 1.
LaTeX Font Info:    Font shape `T1/phv/bc/n' will be
(Font)              scaled to size 10.79993pt on input line 1.

LaTeX Warning: Reference `a00134' on page 17 undefined on input line 3.


LaTeX Warning: Reference `a00138' on page 17 undefined on input line 4.

) (./files.tex

LaTeX Warning: Reference `a00002' on page 17 undefined on input line 3.


LaTeX Warning: Reference `a00005' on page 17 undefined on input line 4.


LaTeX Warning: Reference `a00008' on page 17 undefined on input line 5.


LaTeX Warning: Reference `a00011' on page 17 undefined on input line 6.


LaTeX Warning: Reference `a00014' on page 17 undefined on input line 7.


LaTeX Warning: Reference `a00017' on page 17 undefined on input line 8.


LaTeX Warning: Reference `a00020' on page 17 undefined on input line 9.


LaTeX Warning: Reference `a00023' on page 17 undefined on input line 10.


LaTeX Warning: Reference `a00026' on page 17 undefined on input line 11.

[17]

LaTeX Warning: Reference `a00029' on page 18 undefined on input line 12.


LaTeX Warning: Reference `a00032' on page 18 undefined on input line 13.


LaTeX Warning: Reference `a00035' on page 18 undefined on input line 14.


LaTeX Warning: Reference `a00038' on page 18 undefined on input line 15.


LaTeX Warning: Reference `a00041' on page 18 undefined on input line 16.


LaTeX Warning: Reference `a00044' on page 18 undefined on input line 17.


LaTeX Warning: Reference `a00047' on page 18 undefined on input line 18.


LaTeX Warning: Reference `a00050' on page 18 undefined on input line 19.


LaTeX Warning: Reference `a00053' on page 18 undefined on input line 20.


LaTeX Warning: Reference `a00056' on page 18 undefined on input line 21.


LaTeX Warning: Reference `a00059' on page 18 undefined on input line 22.

) (./a00134.tex
LaTeX Font Info:    Font shape `T1/phv/m/it' in size <9> not available
(Font)              Font shape `T1/phv/m/sl' tried instead on input line 17.
LaTeX Font Info:    Font shape `T1/phv/m/sl' will be
(Font)              scaled to size 8.09995pt on input line 17.
[18]) (./a00138.tex) (./a00002.tex
Underfull \hbox (badness 10000) in paragraph at lines 8--9

 []

LaTeX Font Info:    Font shape `T1/phv/m/it' in size <7> not available
(Font)              Font shape `T1/phv/m/sl' tried instead on input line 17.
LaTeX Font Info:    Font shape `T1/phv/m/sl' will be
(Font)              scaled to size 6.29996pt on input line 17.
[19]
Overfull \hbox (15.20714pt too wide) in paragraph at lines 97--101
[]\T1/phv/m/n/10 enum [] { [] = 0x0, [] = 0x100, []
 []

[20]
Underfull \hbox (badness 10000) detected at line 136
[][][]
 []


Underfull \hbox (badness 10000) detected at line 139
[][][]
 []


Underfull \hbox (badness 10000) detected at line 142
[][][]
 []

LaTeX Font Info:    Font shape `T1/phv/m/n' will be
(Font)              scaled to size 7.19995pt on input line 152.
LaTeX Font Info:    Font shape `T1/pcr/m/it' in size <8> not available
(Font)              Font shape `T1/pcr/m/sl' tried instead on input line 158.
[21]
Underfull \hbox (badness 10000) detected at line 171
[][][]
 []


Package longtable Warning: Column widths have changed
(longtable)                in table 1 on input line 178.


Underfull \hbox (badness 10000) detected at line 179
[][][]
 []


Package longtable Warning: Column widths have changed
(longtable)                in table 2 on input line 203.


Overfull \vbox (0.27126pt too high) has occurred while \output is active []

[22]
Underfull \hbox (badness 10000) detected at line 204
[][][]
 []


Package longtable Warning: Column widths have changed
(longtable)                in table 3 on input line 228.


Underfull \hbox (badness 10000) detected at line 229
[][][]
 []

LaTeX Font Info:    Font shape `T1/pcr/m/it' in size <7> not available
(Font)              Font shape `T1/pcr/m/sl' tried instead on input line 236.

Package longtable Warning: Column widths have changed
(longtable)                in table 4 on input line 258.


Overfull \vbox (6.42265pt too high) has occurred while \output is active []

[23]
Underfull \hbox (badness 10000) detected at line 259
[][][]
 []


Package longtable Warning: Column widths have changed
(longtable)                in table 5 on input line 283.


Underfull \hbox (badness 10000) detected at line 284
[][][]
 []


Underfull \hbox (badness 10000) detected at line 306
[][][]
 []

[24]

Package longtable Warning: Column widths have changed
(longtable)                in table 6 on input line 323.


Underfull \hbox (badness 10000) detected at line 324
[][][]
 []


Underfull \hbox (badness 10000) detected at line 345
[][][]
 []


Package longtable Warning: Column widths have changed
(longtable)                in table 7 on input line 352.


Underfull \hbox (badness 10000) detected at line 353
[][][]
 []

[25]
Underfull \hbox (badness 10000) detected at line 375
[][][]
 []


Package longtable Warning: Column widths have changed
(longtable)                in table 8 on input line 382.


Underfull \hbox (badness 10000) detected at line 383
[][][]
 []


Underfull \hbox (badness 10000) detected at line 403
[][][]
 []


Package longtable Warning: Column widths have changed
(longtable)                in table 9 on input line 416.


Overfull \vbox (21.75786pt too high) has occurred while \output is active []

[26]
Underfull \hbox (badness 10000) detected at line 417
[][][]
 []


Underfull \hbox (badness 10000) detected at line 437
[][][]
 []


Package longtable Warning: Column widths have changed
(longtable)                in table 10 on input line 444.


Underfull \hbox (badness 10000) detected at line 445
[][][]
 []

[27]

Package longtable Warning: Column widths have changed
(longtable)                in table 11 on input line 475.


Underfull \hbox (badness 10000) detected at line 476
[][][]
 []


Package longtable Warning: Column widths have changed
(longtable)                in table 12 on input line 509.


Underfull \hbox (badness 10000) detected at line 510
[][][]
 []

[28]
Underfull \hbox (badness 10000) detected at line 530
[][][]
 []


Package longtable Warning: Column widths have changed
(longtable)                in table 13 on input line 537.


Underfull \hbox (badness 10000) detected at line 538
[][][]
 []


Package longtable Warning: Column widths have changed
(longtable)                in table 14 on input line 568.


Underfull \hbox (badness 10000) detected at line 569
[][][]
 []

[29]

Package longtable Warning: Column widths have changed
(longtable)                in table 15 on input line 601.


Underfull \hbox (badness 10000) detected at line 602
[][][]
 []


Package longtable Warning: Column widths have changed
(longtable)                in table 16 on input line 626.

[30]
Underfull \hbox (badness 10000) detected at line 627
[][][]
 []


Package longtable Warning: Column widths have changed
(longtable)                in table 17 on input line 658.


Package longtable Warning: Column widths have changed
(longtable)                in table 18 on input line 674.

[31]

Package longtable Warning: Column widths have changed
(longtable)                in table 19 on input line 714.


Package longtable Warning: Column widths have changed
(longtable)                in table 20 on input line 730.


Package longtable Warning: Column widths have changed
(longtable)                in table 21 on input line 746.


Package longtable Warning: Column widths have changed
(longtable)                in table 22 on input line 770.

[32]

Package longtable Warning: Column widths have changed
(longtable)                in table 23 on input line 794.


Package longtable Warning: Column widths have changed
(longtable)                in table 24 on input line 810.


Package longtable Warning: Column widths have changed
(longtable)                in table 25 on input line 834.


Overfull \vbox (11.04683pt too high) has occurred while \output is active []

[33]
Underfull \hbox (badness 10000) detected at line 848
[][][]
 []


Underfull \hbox (badness 10000) detected at line 851
[][][]
 []


Underfull \hbox (badness 10000) detected at line 864
[][][]
 []


Underfull \hbox (badness 10000) detected at line 877
[][][]
 []


Underfull \hbox (badness 10000) detected at line 880
[][][]
 []


Underfull \hbox (badness 10000) detected at line 893
[][][]
 []


Underfull \hbox (badness 10000) detected at line 896
[][][]
 []

[34]
Underfull \hbox (badness 10000) detected at line 909
[][][]
 []


Underfull \hbox (badness 10000) detected at line 922
[][][]
 []


Underfull \hbox (badness 10000) detected at line 925
[][][]
 []


Underfull \hbox (badness 10000) detected at line 938
[][][]
 []


Underfull \hbox (badness 10000) detected at line 941
[][][]
 []

[35]
Underfull \hbox (badness 10000) detected at line 954
[][][]
 []


Underfull \hbox (badness 10000) detected at line 957
[][][]
 []


Underfull \hbox (badness 10000) detected at line 970
[][][]
 []


Underfull \hbox (badness 10000) detected at line 973
[][][]
 []


Underfull \hbox (badness 10000) detected at line 986
[][][]
 []

[36]
Underfull \hbox (badness 10000) detected at line 999
[][][]
 []


Underfull \hbox (badness 10000) detected at line 1012
[][][]
 []


Underfull \hbox (badness 10000) detected at line 1015
[][][]
 []


Underfull \hbox (badness 10000) detected at line 1028
[][][]
 []


Underfull \hbox (badness 10000) detected at line 1031
[][][]
 []

) (./a00005.tex
Underfull \hbox (badness 10000) in paragraph at lines 8--9

 []

[37]
Underfull \hbox (badness 10000) detected at line 42
[][][]
 []


Underfull \hbox (badness 10000) detected at line 45
[][][]
 []


Underfull \hbox (badness 10000) detected at line 48
[][][]
 []

) (./a00008.tex
Underfull \hbox (badness 10000) in paragraph at lines 8--9

 []

[38]
Underfull \hbox (badness 10000) detected at line 31
[][][]
 []


Underfull \hbox (badness 10000) detected at line 34
[][][]
 []


Underfull \hbox (badness 10000) detected at line 37
[][][]
 []


Underfull \hbox (badness 10000) detected at line 53
[][][]
 []

[39] [40]

Package longtable Warning: Column widths have changed
(longtable)                in table 26 on input line 83.


Underfull \hbox (badness 10000) detected at line 84
[][][]
 []


Package longtable Warning: Column widths have changed
(longtable)                in table 27 on input line 109.


Underfull \hbox (badness 10000) detected at line 110
[][][]
 []

[41]

Package longtable Warning: Column widths have changed
(longtable)                in table 28 on input line 140.


Underfull \hbox (badness 10000) detected at line 141
[][][]
 []

) (./a00011.tex
Underfull \hbox (badness 10000) in paragraph at lines 8--9

 []

[42]
Underfull \hbox (badness 10000) detected at line 69
[][][]
 []


Underfull \hbox (badness 10000) detected at line 72
[][][]
 []


Underfull \hbox (badness 10000) detected at line 75
[][][]
 []


Underfull \hbox (badness 10000) detected at line 91
[][][]
 []

[43]
Underfull \hbox (badness 10000) detected at line 104
[][][]
 []


Underfull \hbox (badness 10000) detected at line 117
[][][]
 []


Underfull \hbox (badness 10000) detected at line 130
[][][]
 []


Underfull \hbox (badness 10000) detected at line 143
[][][]
 []


Underfull \hbox (badness 10000) detected at line 156
[][][]
 []


Underfull \hbox (badness 10000) detected at line 169
[][][]
 []

[44]
Underfull \hbox (badness 10000) detected at line 182
[][][]
 []


Package longtable Warning: Column widths have changed
(longtable)                in table 29 on input line 199.

[45]
Underfull \hbox (badness 10000) detected at line 200
[][][]
 []


Underfull \hbox (badness 10000) detected at line 213
[][][]
 []


Underfull \hbox (badness 10000) detected at line 226
[][][]
 []


Underfull \hbox (badness 10000) detected at line 239
[][][]
 []

[46]

Package longtable Warning: Column widths have changed
(longtable)                in table 30 on input line 256.


Underfull \hbox (badness 10000) detected at line 257
[][][]
 []


Package longtable Warning: Column widths have changed
(longtable)                in table 31 on input line 284.


Underfull \hbox (badness 10000) detected at line 285
[][][]
 []


Underfull \hbox (badness 10000) detected at line 298
[][][]
 []

[47]

Package longtable Warning: Column widths have changed
(longtable)                in table 32 on input line 305.


Underfull \hbox (badness 10000) detected at line 316
[][][]
 []


Underfull \hbox (badness 10000) detected at line 329
[][][]
 []


Underfull \hbox (badness 10000) detected at line 342
[][][]
 []


Underfull \hbox (badness 10000) detected at line 355
[][][]
 []


Underfull \hbox (badness 10000) detected at line 368
[][][]
 []

[48]
Underfull \hbox (badness 10000) detected at line 381
[][][]
 []


Underfull \hbox (badness 10000) detected at line 394
[][][]
 []


Underfull \hbox (badness 10000) detected at line 407
[][][]
 []


Underfull \hbox (badness 10000) detected at line 420
[][][]
 []


Underfull \hbox (badness 10000) detected at line 433
[][][]
 []

[49]
Underfull \hbox (badness 10000) detected at line 446
[][][]
 []

) (./a00014.tex
Underfull \hbox (badness 10000) in paragraph at lines 8--9

 []

[50]
Underfull \hbox (badness 10000) detected at line 45
[][][]
 []


Underfull \hbox (badness 10000) detected at line 48
[][][]
 []


Underfull \hbox (badness 10000) detected at line 51
[][][]
 []

[51]

Package longtable Warning: Column widths have changed
(longtable)                in table 33 on input line 95.


Underfull \hbox (badness 10000) detected at line 96
[][][]
 []


Underfull \hbox (badness 10000) detected at line 109
[][][]
 []

[52]

Package longtable Warning: Column widths have changed
(longtable)                in table 34 on input line 126.


Underfull \hbox (badness 10000) detected at line 127
[][][]
 []


Package longtable Warning: Column widths have changed
(longtable)                in table 35 on input line 144.


Underfull \hbox (badness 10000) detected at line 145
[][][]
 []

[53]

Package longtable Warning: Column widths have changed
(longtable)                in table 36 on input line 173.


Underfull \hbox (badness 10000) detected at line 174
[][][]
 []


Package longtable Warning: Column widths have changed
(longtable)                in table 37 on input line 191.


Underfull \hbox (badness 10000) detected at line 192
[][][]
 []


Package longtable Warning: Column widths have changed
(longtable)                in table 38 on input line 221.

[54]
Underfull \hbox (badness 10000) detected at line 222
[][][]
 []


Package longtable Warning: Column widths have changed
(longtable)                in table 39 on input line 239.


Underfull \hbox (badness 10000) detected at line 240
[][][]
 []


Package longtable Warning: Column widths have changed
(longtable)                in table 40 on input line 257.


Underfull \hbox (badness 10000) detected at line 258
[][][]
 []


Package longtable Warning: Column widths have changed
(longtable)                in table 41 on input line 275.

[55]
Underfull \hbox (badness 10000) detected at line 276
[][][]
 []

) (./a00017.tex [56]
Underfull \hbox (badness 10000) detected at line 214
[][][]
 []


Underfull \hbox (badness 10000) detected at line 217
[][][]
 []


Underfull \hbox (badness 10000) detected at line 220
[][][]
 []

) (./a00020.tex
Underfull \hbox (badness 10000) in paragraph at lines 8--9

 []

[57] [58] [59]
Underfull \hbox (badness 10000) detected at line 222
[][][]
 []


Underfull \hbox (badness 10000) detected at line 225
[][][]
 []

[60] [61]

Package longtable Warning: Column widths have changed
(longtable)                in table 42 on input line 313.


Underfull \hbox (badness 10000) detected at line 314
[][][]
 []

[62]

Package longtable Warning: Column widths have changed
(longtable)                in table 43 on input line 369.


Underfull \hbox (badness 10000) detected at line 370
[][][]
 []


Package longtable Warning: Column widths have changed
(longtable)                in table 44 on input line 389.


Underfull \hbox (badness 10000) detected at line 390
[][][]
 []


Package longtable Warning: Column widths have changed
(longtable)                in table 45 on input line 409.


Underfull \hbox (badness 10000) detected at line 410
[][][]
 []

[63]

Package longtable Warning: Column widths have changed
(longtable)                in table 46 on input line 429.


Underfull \hbox (badness 10000) detected at line 430
[][][]
 []


Package longtable Warning: Column widths have changed
(longtable)                in table 47 on input line 449.


Underfull \hbox (badness 10000) detected at line 450
[][][]
 []


Package longtable Warning: Column widths have changed
(longtable)                in table 48 on input line 469.

[64]
Underfull \hbox (badness 10000) detected at line 470
[][][]
 []


Package longtable Warning: Column widths have changed
(longtable)                in table 49 on input line 487.


Underfull \hbox (badness 10000) detected at line 488
[][][]
 []


Package longtable Warning: Column widths have changed
(longtable)                in table 50 on input line 507.


Underfull \hbox (badness 10000) detected at line 508
[][][]
 []

[65]
Underfull \hbox (badness 10000) detected at line 552
[][][]
 []


Package longtable Warning: Column widths have changed
(longtable)                in table 51 on input line 559.


Underfull \hbox (badness 10000) detected at line 560
[][][]
 []

[66] [67]
LaTeX Font Info:    Font shape `T1/phv/bc/n' will be
(Font)              scaled to size 7.19995pt on input line 668.

LaTeX Font Warning: Font shape `T1/pcr/bc/n' undefined
(Font)              using `T1/pcr/m/n' instead on input line 668.

[68pdfTeX warning (ext4): destination with the same identifier (name{a00020_a43
d7770fdd59d1c008b789d8e9ae882b}) has been already used, duplicate ignored

\AtBegShi@Output ...ipout \box \AtBeginShipoutBox 
                                                  \fi \fi 
l.707 E
       xternal register address. \mbox{\Hypertarget{a00020_a277152b8a3150eb5...
] [69] [70] [71] [72]
Underfull \hbox (badness 10000) detected at line 960
[][][]
 []

) (./a00023.tex
Underfull \hbox (badness 10000) in paragraph at lines 8--9

 []

[73] [74]
Underfull \hbox (badness 10000) detected at line 97
[][][]
 []


Underfull \hbox (badness 10000) detected at line 100
[][][]
 []


Underfull \hbox (badness 10000) detected at line 103
[][][]
 []

[75] [76]

Package longtable Warning: Column widths have changed
(longtable)                in table 52 on input line 186.


Underfull \hbox (badness 10000) detected at line 187
[][][]
 []


Package longtable Warning: Column widths have changed
(longtable)                in table 53 on input line 206.

[77]
Underfull \hbox (badness 10000) detected at line 207
[][][]
 []


Package longtable Warning: Column widths have changed
(longtable)                in table 54 on input line 224.


Underfull \hbox (badness 10000) detected at line 225
[][][]
 []


Package longtable Warning: Column widths have changed
(longtable)                in table 55 on input line 244.


Underfull \hbox (badness 10000) detected at line 245
[][][]
 []

[78]

Package longtable Warning: Column widths have changed
(longtable)                in table 56 on input line 264.


Underfull \hbox (badness 10000) detected at line 265
[][][]
 []


Package longtable Warning: Column widths have changed
(longtable)                in table 57 on input line 282.


Underfull \hbox (badness 10000) detected at line 283
[][][]
 []


Package longtable Warning: Column widths have changed
(longtable)                in table 58 on input line 302.


Underfull \hbox (badness 10000) detected at line 303
[][][]
 []

[79]

Package longtable Warning: Column widths have changed
(longtable)                in table 59 on input line 320.


Underfull \hbox (badness 10000) detected at line 321
[][][]
 []


Package longtable Warning: Column widths have changed
(longtable)                in table 60 on input line 338.


Underfull \hbox (badness 10000) detected at line 339
[][][]
 []


Package longtable Warning: Column widths have changed
(longtable)                in table 61 on input line 358.

[80]
Underfull \hbox (badness 10000) detected at line 359
[][][]
 []


Package longtable Warning: Column widths have changed
(longtable)                in table 62 on input line 376.


Underfull \hbox (badness 10000) detected at line 377
[][][]
 []


Package longtable Warning: Column widths have changed
(longtable)                in table 63 on input line 396.


Underfull \hbox (badness 10000) detected at line 397
[][][]
 []

[81]

Package longtable Warning: Column widths have changed
(longtable)                in table 64 on input line 414.


Underfull \hbox (badness 10000) detected at line 415
[][][]
 []


Package longtable Warning: Column widths have changed
(longtable)                in table 65 on input line 432.


Underfull \hbox (badness 10000) detected at line 433
[][][]
 []


Package longtable Warning: Column widths have changed
(longtable)                in table 66 on input line 452.


Underfull \hbox (badness 10000) detected at line 453
[][][]
 []

[82]

Package longtable Warning: Column widths have changed
(longtable)                in table 67 on input line 470.


Underfull \hbox (badness 10000) detected at line 471
[][][]
 []


Package longtable Warning: Column widths have changed
(longtable)                in table 68 on input line 488.


Underfull \hbox (badness 10000) detected at line 489
[][][]
 []


Package longtable Warning: Column widths have changed
(longtable)                in table 69 on input line 506.


Underfull \hbox (badness 10000) detected at line 507
[][][]
 []

) (./a00026.tex [83]
Underfull \hbox (badness 10000) detected at line 37
[][][]
 []


Underfull \hbox (badness 10000) detected at line 40
[][][]
 []

[84]

Package longtable Warning: Column widths have changed
(longtable)                in table 70 on input line 60.


Underfull \hbox (badness 10000) detected at line 61
[][][]
 []


Underfull \hbox (badness 10000) detected at line 77
[][][]
 []


Underfull \hbox (badness 10000) detected at line 90
[][][]
 []


Underfull \hbox (badness 10000) detected at line 103
[][][]
 []

[85]

Package longtable Warning: Column widths have changed
(longtable)                in table 71 on input line 122.


Underfull \hbox (badness 10000) detected at line 123
[][][]
 []


Package longtable Warning: Column widths have changed
(longtable)                in table 72 on input line 142.


Package longtable Warning: Column widths have changed
(longtable)                in table 73 on input line 157.


Package longtable Warning: Column widths have changed
(longtable)                in table 74 on input line 172.


Underfull \vbox (badness 10000) has occurred while \output is active []

[86]

Package longtable Warning: Column widths have changed
(longtable)                in table 75 on input line 191.

) (./a00029.tex
Underfull \hbox (badness 10000) in paragraph at lines 8--9

 []


Underfull \hbox (badness 10000) detected at line 20
[][][]
 []


Underfull \hbox (badness 10000) detected at line 23
[][][]
 []

) (./a00032.tex [87]
Underfull \hbox (badness 10000) detected at line 20
[][][]
 []


Underfull \hbox (badness 10000) detected at line 23
[][][]
 []


Underfull \hbox (badness 10000) detected at line 26
[][][]
 []


Package longtable Warning: Column widths have changed
(longtable)                in table 76 on input line 46.


Underfull \hbox (badness 10000) detected at line 47
[][][]
 []

[88]

Package longtable Warning: Column widths have changed
(longtable)                in table 77 on input line 64.


Underfull \hbox (badness 10000) detected at line 65
[][][]
 []

) (./a00035.tex
Underfull \hbox (badness 10000) in paragraph at lines 8--9

 []


Underfull \hbox (badness 10000) detected at line 20
[][][]
 []


Underfull \hbox (badness 10000) detected at line 23
[][][]
 []


Underfull \hbox (badness 10000) detected at line 26
[][][]
 []

) (./a00038.tex [89]
Underfull \hbox (badness 10000) detected at line 49
[][][]
 []


Underfull \hbox (badness 10000) detected at line 52
[][][]
 []


Underfull \hbox (badness 10000) detected at line 55
[][][]
 []

[90]

Package longtable Warning: Column widths have changed
(longtable)                in table 78 on input line 88.


Underfull \hbox (badness 10000) detected at line 89
[][][]
 []


Package longtable Warning: Column widths have changed
(longtable)                in table 79 on input line 110.


Underfull \hbox (badness 10000) detected at line 111
[][][]
 []

[91]

Package longtable Warning: Column widths have changed
(longtable)                in table 80 on input line 132.


Underfull \hbox (badness 10000) detected at line 133
[][][]
 []


Package longtable Warning: Column widths have changed
(longtable)                in table 81 on input line 154.


Underfull \hbox (badness 10000) detected at line 155
[][][]
 []

[92]

Package longtable Warning: Column widths have changed
(longtable)                in table 82 on input line 176.


Underfull \hbox (badness 10000) detected at line 177
[][][]
 []


Package longtable Warning: Column widths have changed
(longtable)                in table 83 on input line 196.


Underfull \hbox (badness 10000) detected at line 197
[][][]
 []


Package longtable Warning: Column widths have changed
(longtable)                in table 84 on input line 216.


Underfull \hbox (badness 10000) detected at line 217
[][][]
 []

[93]

Package longtable Warning: Column widths have changed
(longtable)                in table 85 on input line 236.


Underfull \hbox (badness 10000) detected at line 237
[][][]
 []


Package longtable Warning: Column widths have changed
(longtable)                in table 86 on input line 256.


Underfull \hbox (badness 10000) detected at line 257
[][][]
 []


Package longtable Warning: Column widths have changed
(longtable)                in table 87 on input line 274.

[94]
Underfull \hbox (badness 10000) detected at line 275
[][][]
 []


Package longtable Warning: Column widths have changed
(longtable)                in table 88 on input line 296.


Underfull \hbox (badness 10000) detected at line 297
[][][]
 []


Package longtable Warning: Column widths have changed
(longtable)                in table 89 on input line 318.


Underfull \hbox (badness 10000) detected at line 319
[][][]
 []

[95]

Package longtable Warning: Column widths have changed
(longtable)                in table 90 on input line 340.


Underfull \hbox (badness 10000) detected at line 341
[][][]
 []


Package longtable Warning: Column widths have changed
(longtable)                in table 91 on input line 360.


Underfull \hbox (badness 10000) detected at line 361
[][][]
 []

) (./a00041.tex
Underfull \hbox (badness 10000) in paragraph at lines 8--9

 []

[96]
Underfull \hbox (badness 10000) detected at line 67
[][][]
 []

[97]
Underfull \hbox (badness 10000) detected at line 70
[][][]
 []


Underfull \hbox (badness 10000) detected at line 73
[][][]
 []


Underfull \hbox (badness 10000) detected at line 89
[][][]
 []


Underfull \hbox (badness 10000) detected at line 102
[][][]
 []


Underfull \hbox (badness 10000) detected at line 122
[][][]
 []

[98]
Underfull \hbox (badness 10000) detected at line 135
[][][]
 []


Underfull \hbox (badness 10000) detected at line 148
[][][]
 []


Underfull \hbox (badness 10000) detected at line 161
[][][]
 []


Underfull \hbox (badness 10000) detected at line 174
[][][]
 []

[99]
Underfull \hbox (badness 10000) detected at line 187
[][][]
 []


Underfull \hbox (badness 10000) detected at line 200
[][][]
 []


Underfull \hbox (badness 10000) detected at line 213
[][][]
 []


Underfull \hbox (badness 10000) detected at line 226
[][][]
 []

[100] [101]

Package longtable Warning: Column widths have changed
(longtable)                in table 92 on input line 250.


Underfull \hbox (badness 10000) detected at line 251
[][][]
 []


Underfull \hbox (badness 10000) detected at line 264
[][][]
 []


Underfull \hbox (badness 10000) detected at line 277
[][][]
 []


Underfull \hbox (badness 10000) detected at line 290
[][][]
 []

[102]

Package longtable Warning: Column widths have changed
(longtable)                in table 93 on input line 316.


Underfull \hbox (badness 10000) detected at line 317
[][][]
 []


Package longtable Warning: Column widths have changed
(longtable)                in table 94 on input line 347.


Underfull \hbox (badness 10000) detected at line 348
[][][]
 []

[103]

Package longtable Warning: Column widths have changed
(longtable)                in table 95 on input line 378.


Underfull \hbox (badness 10000) detected at line 379
[][][]
 []


Package longtable Warning: Column widths have changed
(longtable)                in table 96 on input line 406.


Underfull \hbox (badness 10000) detected at line 407
[][][]
 []


Underfull \hbox (badness 10000) detected at line 420
[][][]
 []

[104]
Underfull \hbox (badness 10000) detected at line 433
[][][]
 []


Underfull \hbox (badness 10000) detected at line 446
[][][]
 []


Underfull \hbox (badness 10000) detected at line 459
[][][]
 []


Underfull \hbox (badness 10000) detected at line 472
[][][]
 []

[105]

Package longtable Warning: Column widths have changed
(longtable)                in table 97 on input line 501.


Underfull \hbox (badness 10000) detected at line 502
[][][]
 []

) (./a00044.tex
Underfull \hbox (badness 10000) in paragraph at lines 8--9

 []

[106]
Underfull \hbox (badness 10000) detected at line 67
[][][]
 []


Underfull \hbox (badness 10000) detected at line 70
[][][]
 []


Underfull \hbox (badness 10000) detected at line 73
[][][]
 []


Underfull \hbox (badness 10000) detected at line 89
[][][]
 []


Underfull \hbox (badness 10000) detected at line 102
[][][]
 []

[107]
Underfull \hbox (badness 10000) detected at line 122
[][][]
 []


Underfull \hbox (badness 10000) detected at line 135
[][][]
 []


Underfull \hbox (badness 10000) detected at line 148
[][][]
 []


Underfull \hbox (badness 10000) detected at line 161
[][][]
 []

[108]
Underfull \hbox (badness 10000) detected at line 174
[][][]
 []


Underfull \hbox (badness 10000) detected at line 187
[][][]
 []


Underfull \hbox (badness 10000) detected at line 200
[][][]
 []


Underfull \hbox (badness 10000) detected at line 213
[][][]
 []


Underfull \hbox (badness 10000) detected at line 226
[][][]
 []

[109]

Package longtable Warning: Column widths have changed
(longtable)                in table 98 on input line 250.


Underfull \hbox (badness 10000) detected at line 251
[][][]
 []

[110]
Underfull \hbox (badness 10000) detected at line 264
[][][]
 []


Underfull \hbox (badness 10000) detected at line 277
[][][]
 []


Underfull \hbox (badness 10000) detected at line 290
[][][]
 []


Package longtable Warning: Column widths have changed
(longtable)                in table 99 on input line 316.

[111]
Underfull \hbox (badness 10000) detected at line 317
[][][]
 []


Package longtable Warning: Column widths have changed
(longtable)                in table 100 on input line 347.


Underfull \hbox (badness 10000) detected at line 348
[][][]
 []

[112]

Package longtable Warning: Column widths have changed
(longtable)                in table 101 on input line 378.


Underfull \hbox (badness 10000) detected at line 379
[][][]
 []


Package longtable Warning: Column widths have changed
(longtable)                in table 102 on input line 406.


Underfull \hbox (badness 10000) detected at line 407
[][][]
 []


Underfull \hbox (badness 10000) detected at line 420
[][][]
 []

[113]
Underfull \hbox (badness 10000) detected at line 433
[][][]
 []


Underfull \hbox (badness 10000) detected at line 446
[][][]
 []


Underfull \hbox (badness 10000) detected at line 459
[][][]
 []


Underfull \hbox (badness 10000) detected at line 472
[][][]
 []

[114]

Package longtable Warning: Column widths have changed
(longtable)                in table 103 on input line 501.


Underfull \hbox (badness 10000) detected at line 502
[][][]
 []

) (./a00047.tex
Underfull \hbox (badness 10000) in paragraph at lines 8--9

 []

[115]
Underfull \hbox (badness 10000) detected at line 71
[][][]
 []


Underfull \hbox (badness 10000) detected at line 74
[][][]
 []


Underfull \hbox (badness 10000) detected at line 77
[][][]
 []


Underfull \hbox (badness 10000) detected at line 93
[][][]
 []

[116]
Underfull \hbox (badness 10000) detected at line 106
[][][]
 []


Underfull \hbox (badness 10000) detected at line 126
[][][]
 []


Underfull \hbox (badness 10000) detected at line 139
[][][]
 []


Underfull \hbox (badness 10000) detected at line 152
[][][]
 []

[117]
Underfull \hbox (badness 10000) detected at line 165
[][][]
 []


Underfull \hbox (badness 10000) detected at line 178
[][][]
 []


Underfull \hbox (badness 10000) detected at line 191
[][][]
 []


Underfull \hbox (badness 10000) detected at line 204
[][][]
 []


Underfull \hbox (badness 10000) detected at line 217
[][][]
 []

[118]
Underfull \hbox (badness 10000) detected at line 230
[][][]
 []


Underfull \hbox (badness 10000) detected at line 243
[][][]
 []


Underfull \hbox (badness 10000) detected at line 256
[][][]
 []


Underfull \hbox (badness 10000) detected at line 269
[][][]
 []

[119]
Underfull \hbox (badness 10000) detected at line 282
[][][]
 []

[120]

Package longtable Warning: Column widths have changed
(longtable)                in table 104 on input line 306.


Underfull \hbox (badness 10000) detected at line 307
[][][]
 []


Underfull \hbox (badness 10000) detected at line 320
[][][]
 []

[121]

Package longtable Warning: Column widths have changed
(longtable)                in table 105 on input line 372.


Underfull \hbox (badness 10000) detected at line 373
[][][]
 []


Package longtable Warning: Column widths have changed
(longtable)                in table 106 on input line 399.


Underfull \hbox (badness 10000) detected at line 400
[][][]
 []

[122]

Package longtable Warning: Column widths have changed
(longtable)                in table 107 on input line 430.


Underfull \hbox (badness 10000) detected at line 431
[][][]
 []


Package longtable Warning: Column widths have changed
(longtable)                in table 108 on input line 458.


Underfull \hbox (badness 10000) detected at line 459
[][][]
 []

[123]
Underfull \hbox (badness 10000) detected at line 472
[][][]
 []


Underfull \hbox (badness 10000) detected at line 485
[][][]
 []


Underfull \hbox (badness 10000) detected at line 498
[][][]
 []


Underfull \hbox (badness 10000) detected at line 511
[][][]
 []


Underfull \hbox (badness 10000) detected at line 524
[][][]
 []

[124]

Package longtable Warning: Column widths have changed
(longtable)                in table 109 on input line 553.


Underfull \hbox (badness 10000) detected at line 554
[][][]
 []

) (./a00050.tex
Underfull \hbox (badness 10000) in paragraph at lines 8--9

 []


Underfull \hbox (badness 10000) detected at line 29
[][][]
 []


Underfull \hbox (badness 10000) detected at line 32
[][][]
 []


Underfull \hbox (badness 10000) detected at line 35
[][][]
 []

[125]
Underfull \hbox (badness 10000) detected at line 51
[][][]
 []


Underfull \hbox (badness 10000) detected at line 64
[][][]
 []


Package longtable Warning: Column widths have changed
(longtable)                in table 110 on input line 81.


Underfull \hbox (badness 10000) detected at line 82
[][][]
 []

[126]

Package longtable Warning: Column widths have changed
(longtable)                in table 111 on input line 99.


Underfull \hbox (badness 10000) detected at line 100
[][][]
 []


Package longtable Warning: Column widths have changed
(longtable)                in table 112 on input line 138.


Underfull \hbox (badness 10000) detected at line 139
[][][]
 []

[127]

Package longtable Warning: Column widths have changed
(longtable)                in table 113 on input line 171.


Underfull \hbox (badness 10000) detected at line 172
[][][]
 []

) (./a00053.tex
Underfull \hbox (badness 10000) in paragraph at lines 8--9

 []

[128]
Underfull \hbox (badness 10000) detected at line 38
[][][]
 []


Underfull \hbox (badness 10000) detected at line 41
[][][]
 []


Underfull \hbox (badness 10000) detected at line 44
[][][]
 []


Underfull \hbox (badness 10000) detected at line 60
[][][]
 []


Underfull \hbox (badness 10000) detected at line 73
[][][]
 []


Underfull \hbox (badness 10000) detected at line 86
[][][]
 []


Underfull \hbox (badness 10000) in paragraph at lines 93--94
|   \T1/pcr/m/sl/8 sec \T1/pcr/bc/n/8 ) []([], year $\OML/cmm/m/it/8 <$$<$ \T1/
pcr/bc/n/8 26 $\OMS/cmsy/m/n/8 j$ \T1/pcr/bc/n/8 mon $\OML/cmm/m/it/8 <$$<$ \T1
/pcr/bc/n/8 22 $\OMS/cmsy/m/n/8 j$ \T1/pcr/bc/n/8 day $\OML/cmm/m/it/8 <$$<$ \T
1/pcr/bc/n/8 17 $\OMS/cmsy/m/n/8 j$ \T1/pcr/bc/n/8 hour $\OML/cmm/m/it/8 <$$<$
 []

[129]

Package longtable Warning: Column widths have changed
(longtable)                in table 114 on input line 113.


Underfull \hbox (badness 10000) detected at line 114
[][][]
 []

[130]

Package longtable Warning: Column widths have changed
(longtable)                in table 115 on input line 138.


Underfull \hbox (badness 10000) detected at line 139
[][][]
 []


Underfull \hbox (badness 10000) detected at line 152
[][][]
 []


Underfull \hbox (badness 10000) detected at line 165
[][][]
 []


Package longtable Warning: Column widths have changed
(longtable)                in table 116 on input line 185.

[131]

Package longtable Warning: Column widths have changed
(longtable)                in table 117 on input line 210.

) (./a00056.tex
Underfull \hbox (badness 10000) in paragraph at lines 8--9

 []

[132]
LaTeX Font Info:    Font shape `TS1/phv/m/it' in size <9> not available
(Font)              Font shape `TS1/phv/m/sl' tried instead on input line 53.
LaTeX Font Info:    Font shape `TS1/phv/m/sl' will be
(Font)              scaled to size 8.09995pt on input line 53.
[133]
Underfull \hbox (badness 10000) detected at line 92
[][][]
 []


Underfull \hbox (badness 10000) detected at line 95
[][][]
 []


Underfull \hbox (badness 10000) detected at line 98
[][][]
 []


Package longtable Warning: Column widths have changed
(longtable)                in table 118 on input line 136.

[134]
Underfull \hbox (badness 10000) detected at line 137
[][][]
 []


Package longtable Warning: Column widths have changed
(longtable)                in table 119 on input line 154.


Underfull \hbox (badness 10000) detected at line 155
[][][]
 []


Package longtable Warning: Column widths have changed
(longtable)                in table 120 on input line 172.


Underfull \hbox (badness 10000) detected at line 173
[][][]
 []


Package longtable Warning: Column widths have changed
(longtable)                in table 121 on input line 190.


Underfull \vbox (badness 10000) has occurred while \output is active []

[135]
Underfull \hbox (badness 10000) detected at line 191
[][][]
 []


Package longtable Warning: Column widths have changed
(longtable)                in table 122 on input line 208.


Underfull \hbox (badness 10000) detected at line 209
[][][]
 []


Package longtable Warning: Column widths have changed
(longtable)                in table 123 on input line 226.


Underfull \hbox (badness 10000) detected at line 227
[][][]
 []


Package longtable Warning: Column widths have changed
(longtable)                in table 124 on input line 244.

[136]
Underfull \hbox (badness 10000) detected at line 245
[][][]
 []


Package longtable Warning: Column widths have changed
(longtable)                in table 125 on input line 262.


Underfull \hbox (badness 10000) detected at line 263
[][][]
 []


Package longtable Warning: Column widths have changed
(longtable)                in table 126 on input line 280.


Underfull \hbox (badness 10000) detected at line 281
[][][]
 []


Package longtable Warning: Column widths have changed
(longtable)                in table 127 on input line 298.


Underfull \vbox (badness 10000) has occurred while \output is active []

[137]
Underfull \hbox (badness 10000) detected at line 299
[][][]
 []


Package longtable Warning: Column widths have changed
(longtable)                in table 128 on input line 316.


Underfull \hbox (badness 10000) detected at line 317
[][][]
 []


Package longtable Warning: Column widths have changed
(longtable)                in table 129 on input line 334.


Underfull \hbox (badness 10000) detected at line 335
[][][]
 []


Package longtable Warning: Column widths have changed
(longtable)                in table 130 on input line 352.

[138]
Underfull \hbox (badness 10000) detected at line 353
[][][]
 []


Package longtable Warning: Column widths have changed
(longtable)                in table 131 on input line 370.


Underfull \hbox (badness 10000) detected at line 371
[][][]
 []


Package longtable Warning: Column widths have changed
(longtable)                in table 132 on input line 388.


Underfull \hbox (badness 10000) detected at line 389
[][][]
 []


Package longtable Warning: Column widths have changed
(longtable)                in table 133 on input line 406.

[139]
Underfull \hbox (badness 10000) detected at line 407
[][][]
 []


Package longtable Warning: Column widths have changed
(longtable)                in table 134 on input line 424.


Underfull \hbox (badness 10000) detected at line 425
[][][]
 []


Package longtable Warning: Column widths have changed
(longtable)                in table 135 on input line 442.


Underfull \hbox (badness 10000) detected at line 443
[][][]
 []


Package longtable Warning: Column widths have changed
(longtable)                in table 136 on input line 460.

[140]
Underfull \hbox (badness 10000) detected at line 461
[][][]
 []


Package longtable Warning: Column widths have changed
(longtable)                in table 137 on input line 478.


Underfull \hbox (badness 10000) detected at line 479
[][][]
 []


Package longtable Warning: Column widths have changed
(longtable)                in table 138 on input line 496.


Underfull \hbox (badness 10000) detected at line 497
[][][]
 []


Package longtable Warning: Column widths have changed
(longtable)                in table 139 on input line 516.


Overfull \vbox (9.32578pt too high) has occurred while \output is active []

[141]
Underfull \hbox (badness 10000) detected at line 517
[][][]
 []


Package longtable Warning: Column widths have changed
(longtable)                in table 140 on input line 536.


Underfull \hbox (badness 10000) detected at line 537
[][][]
 []


Package longtable Warning: Column widths have changed
(longtable)                in table 141 on input line 557.


Underfull \hbox (badness 10000) detected at line 558
[][][]
 []

[142]

Package longtable Warning: Column widths have changed
(longtable)                in table 142 on input line 577.


Underfull \hbox (badness 10000) detected at line 578
[][][]
 []


Package longtable Warning: Column widths have changed
(longtable)                in table 143 on input line 597.


Underfull \hbox (badness 10000) detected at line 598
[][][]
 []


Package longtable Warning: Column widths have changed
(longtable)                in table 144 on input line 617.


Underfull \hbox (badness 10000) detected at line 618
[][][]
 []

) (./a00059.tex
Underfull \hbox (badness 10000) in paragraph at lines 8--9

 []

[143]
Underfull \hbox (badness 10000) detected at line 23
[][][]
 []


Underfull \hbox (badness 10000) detected at line 26
[][][]
 []


Underfull \hbox (badness 10000) detected at line 29
[][][]
 []


Underfull \hbox (badness 10000) detected at line 45
[][][]
 []


Underfull \hbox (badness 10000) detected at line 58
[][][]
 []

[144]

Package longtable Warning: Column widths have changed
(longtable)                in table 145 on input line 86.


Underfull \hbox (badness 10000) detected at line 87
[][][]
 []

) [145] [146

]
No file refman.ind.

Package longtable Warning: Table widths have changed. Rerun LaTeX.

Package atveryend Info: Empty hook `BeforeClearDocument' on input line 266.
Package atveryend Info: Empty hook `AfterLastShipout' on input line 266.
(./refman.aux)
Package atveryend Info: Executing hook `AtVeryEndDocument' on input line 266.
Package atveryend Info: Executing hook `AtEndAfterFileList' on input line 266.

Package rerunfilecheck Warning: File `refman.out' has changed.
(rerunfilecheck)                Rerun to get outlines right
(rerunfilecheck)                or use package `bookmark'.

Package rerunfilecheck Info: Checksums for `refman.out':
(rerunfilecheck)             Before: <no file>
(rerunfilecheck)             After:  E6306A15073194A889D6489A4744ADB9;27084.

LaTeX Font Warning: Some font shapes were not available, defaults substituted.


LaTeX Warning: There were undefined references.


LaTeX Warning: Label(s) may have changed. Rerun to get cross-references right.

Package atveryend Info: Empty hook `AtVeryVeryEnd' on input line 266.
 ) 
Here is how much of TeX's memory you used:
 16858 strings out of 492646
 267094 string characters out of 6129564
 355843 words of memory out of 5000000
 19046 multiletter control sequences out of 15000+600000
 58719 words of font info for 87 fonts, out of 8000000 for 9000
 1141 hyphenation exceptions out of 8191
 53i,16n,92p,2293b,629s stack positions out of 5000i,500n,10000p,200000b,80000s
{/usr/local/texlive/2018/texmf-dist/fonts/enc/dvips/base/8r.enc}</usr/local/t
exlive/2018/texmf-dist/fonts/type1/public/amsfonts/cm/cmmi10.pfb></usr/local/te
xlive/2018/texmf-dist/fonts/type1/public/amsfonts/cm/cmmi7.pfb></usr/local/texl
ive/2018/texmf-dist/fonts/type1/public/amsfonts/cm/cmmi8.pfb></usr/local/texliv
e/2018/texmf-dist/fonts/type1/public/amsfonts/cm/cmmi9.pfb></usr/local/texlive/
2018/texmf-dist/fonts/type1/public/amsfonts/cm/cmsy10.pfb></usr/local/texlive/2
018/texmf-dist/fonts/type1/public/amsfonts/cm/cmsy6.pfb></usr/local/texlive/201
8/texmf-dist/fonts/type1/public/amsfonts/cm/cmsy7.pfb></usr/local/texlive/2018/
texmf-dist/fonts/type1/public/amsfonts/cm/cmsy8.pfb></usr/local/texlive/2018/te
xmf-dist/fonts/type1/public/amsfonts/cm/cmsy9.pfb></usr/local/texlive/2018/texm
f-dist/fonts/type1/urw/courier/ucrr8a.pfb></usr/local/texlive/2018/texmf-dist/f
onts/type1/urw/courier/ucrro8a.pfb></usr/local/texlive/2018/texmf-dist/fonts/ty
pe1/urw/helvetic/uhvb8a.pfb></usr/local/texlive/2018/texmf-dist/fonts/type1/urw
/helvetic/uhvb8ac.pfb></usr/local/texlive/2018/texmf-dist/fonts/type1/urw/helve
tic/uhvr8a.pfb></usr/local/texlive/2018/texmf-dist/fonts/type1/urw/helvetic/uhv
ro8a.pfb>
Output written on refman.pdf (147 pages, 443810 bytes).
PDF statistics:
 4262 PDF objects out of 4296 (max. 8388607)
 3665 compressed objects within 37 object streams
 1375 named destinations out of 1440 (max. 500000)
 1 words of extra memory for PDF output out of 10000 (max. 10000000)

