\BOOKMARK [1][-]{section.1}{\376\377\0001\000\040\000M\000a\000i\000n\000\040\000P\000a\000g\000e}{}% 1
\BOOKMARK [1][-]{section.2}{\376\377\0002\000\040\000A\000n\000a\000l\000o\000g\000\040\000O\000u\000t\000p\000u\000t\000\040\000L\000i\000b\000r\000a\000r\000y\000\040\000f\000o\000r\000\040\000M\0002}{}% 2
\BOOKMARK [1][-]{section.3}{\376\377\0003\000\040\000D\000a\000t\000a\000\040\000E\000n\000c\000r\000y\000p\000t\000i\000o\000n\000\040\000S\000t\000a\000n\000d\000a\000r\000d\000\040\000\050\000D\000E\000S\000\051\000\040\000L\000i\000b\000r\000a\000r\000y\000\040\000f\000o\000r\000\040\000M\0002}{}% 3
\BOOKMARK [1][-]{section.4}{\376\377\0004\000\040\000F\000l\000a\000s\000h\000\040\000L\000i\000b\000r\000a\000r\000y\000\040\000f\000o\000r\000\040\000M\0002}{}% 4
\BOOKMARK [1][-]{section.5}{\376\377\0005\000\040\000I\000n\000t\000e\000r\000n\000a\000l\000\040\000T\000e\000m\000p\000e\000r\000a\000t\000u\000r\000e\000\040\000S\000e\000n\000s\000o\000r}{}% 5
\BOOKMARK [1][-]{section.6}{\376\377\0006\000\040\000I\000n\000t\000e\000r\000r\000u\000p\000t\000\040\000L\000i\000b\000r\000a\000r\000y\000\040\000f\000o\000r\000\040\000M\0002}{}% 6
\BOOKMARK [1][-]{section.7}{\376\377\0007\000\040\000I\000n\000p\000u\000t\000\040\000O\000u\000t\000p\000u\000t\000\040\000L\000i\000b\000r\000a\000r\000y\000\040\000f\000o\000r\000\040\000M\0002}{}% 7
\BOOKMARK [1][-]{section.8}{\376\377\0008\000\040\000M\000i\000c\000r\000o\000\040\000C\000o\000n\000t\000r\000o\000l\000\040\000U\000n\000i\000t\000\040\000\050\000M\000C\000U\000\051\000\040\000L\000i\000b\000r\000a\000r\000y\000\040\000f\000o\000r\000\040\000M\0002}{}% 8
\BOOKMARK [1][-]{section.9}{\376\377\0009\000\040\000A\000m\000p\000l\000i\000f\000i\000e\000r\000\040\000\050\000O\000P\000O\000\051}{}% 9
\BOOKMARK [1][-]{section.10}{\376\377\0001\0000\000\040\000S\000i\000g\000m\000a\000\040\000D\000e\000l\000t\000a}{}% 10
\BOOKMARK [1][-]{section.11}{\376\377\0001\0001\000\040\000S\000o\000f\000t\000\040\000F\000l\000o\000a\000t\000\040\000L\000i\000b\000r\000a\000r\000y\000\040\000f\000o\000r\000\040\000M\0002}{}% 11
\BOOKMARK [1][-]{section.12}{\376\377\0001\0002\000\040\000S\000P\000I\000\040\000L\000i\000b\000r\000a\000r\000y\000\040\000F\000o\000r\000\040\000M\0002}{}% 12
\BOOKMARK [1][-]{section.13}{\376\377\0001\0003\000\040\000S\000t\000a\000n\000d\000a\000r\000d\000\040\000I\000n\000p\000u\000t\000\040\000O\000u\000t\000p\000u\000t\000\040\000L\000i\000b\000r\000a\000r\000y\000\040\000f\000o\000r\000\040\000M\0002}{}% 13
\BOOKMARK [1][-]{section.14}{\376\377\0001\0004\000\040\000S\000t\000a\000n\000d\000a\000r\000d\000\040\000L\000i\000b\000r\000a\000r\000y\000\040\000f\000o\000r\000\040\000M\0002}{}% 14
\BOOKMARK [1][-]{section.15}{\376\377\0001\0005\000\040\000S\000t\000r\000i\000n\000g\000\040\000L\000i\000b\000r\000a\000r\000y\000\040\000f\000o\000r\000\040\000M\0002}{}% 15
\BOOKMARK [1][-]{section.16}{\376\377\0001\0006\000\040\000T\000C\0000\000\040\000L\000i\000b\000r\000a\000r\000y\000\040\000f\000o\000r\000\040\000M\0002}{}% 16
\BOOKMARK [1][-]{section.17}{\376\377\0001\0007\000\040\000T\000C\0001\000\040\000L\000i\000b\000r\000a\000r\000y\000\040\000f\000o\000r\000\040\000M\0002}{}% 17
\BOOKMARK [1][-]{section.18}{\376\377\0001\0008\000\040\000T\000C\0002\000\040\000L\000i\000b\000r\000a\000r\000y\000\040\000f\000o\000r\000\040\000M\0002}{}% 18
\BOOKMARK [1][-]{section.19}{\376\377\0001\0009\000\040\000T\000C\0004\000\040\000L\000i\000b\000r\000a\000r\000y\000\040\000f\000o\000r\000\040\000M\0002}{}% 19
\BOOKMARK [1][-]{section.20}{\376\377\0002\0000\000\040\000R\000e\000a\000l\000\040\000T\000i\000m\000e\000\040\000C\000o\000u\000n\000t\000e\000r\000\040\000L\000i\000b\000r\000a\000r\000y\000\040\000f\000o\000r\000\040\000M\0002}{}% 20
\BOOKMARK [1][-]{section.21}{\376\377\0002\0001\000\040\000U\000A\000R\000T\000\040\000L\000i\000b\000r\000a\000r\000y\000\040\000f\000o\000r\000\040\000M\0002}{}% 21
\BOOKMARK [1][-]{section.22}{\376\377\0002\0002\000\040\000V\000o\000l\000t\000a\000g\000e\000\040\000t\000o\000\040\000P\000u\000l\000s\000e\000\040\000W\000i\000d\000t\000h}{}% 22
\BOOKMARK [1][-]{section.23}{\376\377\0002\0003\000\040\000W\000a\000t\000c\000h\000\040\000D\000o\000g\000\040\000L\000i\000b\000r\000a\000r\000y\000\040\000f\000o\000r\000\040\000M\0002}{}% 23
\BOOKMARK [1][-]{section.24}{\376\377\0002\0004\000\040\000C\000l\000a\000s\000s\000\040\000I\000n\000d\000e\000x}{}% 24
\BOOKMARK [2][-]{subsection.24.1}{\376\377\0002\0004\000.\0001\000\040\000C\000l\000a\000s\000s\000\040\000L\000i\000s\000t}{section.24}% 25
\BOOKMARK [1][-]{section.25}{\376\377\0002\0005\000\040\000F\000i\000l\000e\000\040\000I\000n\000d\000e\000x}{}% 26
\BOOKMARK [2][-]{subsection.25.1}{\376\377\0002\0005\000.\0001\000\040\000F\000i\000l\000e\000\040\000L\000i\000s\000t}{section.25}% 27
\BOOKMARK [1][-]{section.26}{\376\377\0002\0006\000\040\000C\000l\000a\000s\000s\000\040\000D\000o\000c\000u\000m\000e\000n\000t\000a\000t\000i\000o\000n}{}% 28
\BOOKMARK [2][-]{subsection.26.1}{\376\377\0002\0006\000.\0001\000\040\000D\000E\000S\000\137\000K\000e\000y\000\040\000U\000n\000i\000o\000n\000\040\000R\000e\000f\000e\000r\000e\000n\000c\000e}{section.26}% 29
\BOOKMARK [3][-]{subsubsection.26.1.1}{\376\377\0002\0006\000.\0001\000.\0001\000\040\000D\000e\000t\000a\000i\000l\000e\000d\000\040\000D\000e\000s\000c\000r\000i\000p\000t\000i\000o\000n}{subsection.26.1}% 30
\BOOKMARK [2][-]{subsection.26.2}{\376\377\0002\0006\000.\0002\000\040\000M\000e\000s\000s\000a\000g\000e\000D\000a\000t\000a\000\040\000U\000n\000i\000o\000n\000\040\000R\000e\000f\000e\000r\000e\000n\000c\000e}{section.26}% 31
\BOOKMARK [3][-]{subsubsection.26.2.1}{\376\377\0002\0006\000.\0002\000.\0001\000\040\000D\000e\000t\000a\000i\000l\000e\000d\000\040\000D\000e\000s\000c\000r\000i\000p\000t\000i\000o\000n}{subsection.26.2}% 32
\BOOKMARK [1][-]{section.27}{\376\377\0002\0007\000\040\000F\000i\000l\000e\000\040\000D\000o\000c\000u\000m\000e\000n\000t\000a\000t\000i\000o\000n}{}% 33
\BOOKMARK [2][-]{subsection.27.1}{\376\377\0002\0007\000.\0001\000\040\000/\000U\000s\000e\000r\000s\000/\000d\000a\000i\000z\000h\000i\000r\000u\000i\000/\000D\000e\000v\000e\000l\000o\000p\000m\000e\000n\000t\000/\000C\000a\000m\000e\000l\000S\000t\000u\000d\000i\000o\000\137\000L\000i\000b\000r\000a\000r\000y\000/\000r\000e\000l\000e\000a\000s\000e\000/\000i\000n\000c\000l\000u\000d\000e\000/\000a\000n\000a\000l\000o\000g\000I\000O\000.\000h\000\040\000F\000i\000l\000e\000\040\000R\000e\000f\000e\000r\000e\000n\000c\000e}{section.27}% 34
\BOOKMARK [3][-]{subsubsection.27.1.1}{\376\377\0002\0007\000.\0001\000.\0001\000\040\000D\000e\000t\000a\000i\000l\000e\000d\000\040\000D\000e\000s\000c\000r\000i\000p\000t\000i\000o\000n}{subsection.27.1}% 35
\BOOKMARK [3][-]{subsubsection.27.1.2}{\376\377\0002\0007\000.\0001\000.\0002\000\040\000M\000a\000c\000r\000o\000\040\000D\000e\000f\000i\000n\000i\000t\000i\000o\000n\000\040\000D\000o\000c\000u\000m\000e\000n\000t\000a\000t\000i\000o\000n}{subsection.27.1}% 36
\BOOKMARK [3][-]{subsubsection.27.1.3}{\376\377\0002\0007\000.\0001\000.\0003\000\040\000E\000n\000u\000m\000e\000r\000a\000t\000i\000o\000n\000\040\000T\000y\000p\000e\000\040\000D\000o\000c\000u\000m\000e\000n\000t\000a\000t\000i\000o\000n}{subsection.27.1}% 37
\BOOKMARK [3][-]{subsubsection.27.1.4}{\376\377\0002\0007\000.\0001\000.\0004\000\040\000F\000u\000n\000c\000t\000i\000o\000n\000\040\000D\000o\000c\000u\000m\000e\000n\000t\000a\000t\000i\000o\000n}{subsection.27.1}% 38
\BOOKMARK [2][-]{subsection.27.2}{\376\377\0002\0007\000.\0002\000\040\000/\000U\000s\000e\000r\000s\000/\000d\000a\000i\000z\000h\000i\000r\000u\000i\000/\000D\000e\000v\000e\000l\000o\000p\000m\000e\000n\000t\000/\000C\000a\000m\000e\000l\000S\000t\000u\000d\000i\000o\000\137\000L\000i\000b\000r\000a\000r\000y\000/\000r\000e\000l\000e\000a\000s\000e\000/\000i\000n\000c\000l\000u\000d\000e\000/\000D\000E\000S\000.\000h\000\040\000F\000i\000l\000e\000\040\000R\000e\000f\000e\000r\000e\000n\000c\000e}{section.27}% 39
\BOOKMARK [3][-]{subsubsection.27.2.1}{\376\377\0002\0007\000.\0002\000.\0001\000\040\000D\000e\000t\000a\000i\000l\000e\000d\000\040\000D\000e\000s\000c\000r\000i\000p\000t\000i\000o\000n}{subsection.27.2}% 40
\BOOKMARK [2][-]{subsection.27.3}{\376\377\0002\0007\000.\0003\000\040\000/\000U\000s\000e\000r\000s\000/\000d\000a\000i\000z\000h\000i\000r\000u\000i\000/\000D\000e\000v\000e\000l\000o\000p\000m\000e\000n\000t\000/\000C\000a\000m\000e\000l\000S\000t\000u\000d\000i\000o\000\137\000L\000i\000b\000r\000a\000r\000y\000/\000r\000e\000l\000e\000a\000s\000e\000/\000i\000n\000c\000l\000u\000d\000e\000/\000F\000l\000a\000s\000h\000.\000h\000\040\000F\000i\000l\000e\000\040\000R\000e\000f\000e\000r\000e\000n\000c\000e}{section.27}% 41
\BOOKMARK [3][-]{subsubsection.27.3.1}{\376\377\0002\0007\000.\0003\000.\0001\000\040\000D\000e\000t\000a\000i\000l\000e\000d\000\040\000D\000e\000s\000c\000r\000i\000p\000t\000i\000o\000n}{subsection.27.3}% 42
\BOOKMARK [3][-]{subsubsection.27.3.2}{\376\377\0002\0007\000.\0003\000.\0002\000\040\000M\000a\000c\000r\000o\000\040\000D\000e\000f\000i\000n\000i\000t\000i\000o\000n\000\040\000D\000o\000c\000u\000m\000e\000n\000t\000a\000t\000i\000o\000n}{subsection.27.3}% 43
\BOOKMARK [2][-]{subsection.27.4}{\376\377\0002\0007\000.\0004\000\040\000/\000U\000s\000e\000r\000s\000/\000d\000a\000i\000z\000h\000i\000r\000u\000i\000/\000D\000e\000v\000e\000l\000o\000p\000m\000e\000n\000t\000/\000C\000a\000m\000e\000l\000S\000t\000u\000d\000i\000o\000\137\000L\000i\000b\000r\000a\000r\000y\000/\000r\000e\000l\000e\000a\000s\000e\000/\000i\000n\000c\000l\000u\000d\000e\000/\000I\000n\000t\000e\000r\000r\000u\000p\000t\000.\000h\000\040\000F\000i\000l\000e\000\040\000R\000e\000f\000e\000r\000e\000n\000c\000e}{section.27}% 44
\BOOKMARK [3][-]{subsubsection.27.4.1}{\376\377\0002\0007\000.\0004\000.\0001\000\040\000D\000e\000t\000a\000i\000l\000e\000d\000\040\000D\000e\000s\000c\000r\000i\000p\000t\000i\000o\000n}{subsection.27.4}% 45
\BOOKMARK [3][-]{subsubsection.27.4.2}{\376\377\0002\0007\000.\0004\000.\0002\000\040\000M\000a\000c\000r\000o\000\040\000D\000e\000f\000i\000n\000i\000t\000i\000o\000n\000\040\000D\000o\000c\000u\000m\000e\000n\000t\000a\000t\000i\000o\000n}{subsection.27.4}% 46
\BOOKMARK [2][-]{subsection.27.5}{\376\377\0002\0007\000.\0005\000\040\000/\000U\000s\000e\000r\000s\000/\000d\000a\000i\000z\000h\000i\000r\000u\000i\000/\000D\000e\000v\000e\000l\000o\000p\000m\000e\000n\000t\000/\000C\000a\000m\000e\000l\000S\000t\000u\000d\000i\000o\000\137\000L\000i\000b\000r\000a\000r\000y\000/\000r\000e\000l\000e\000a\000s\000e\000/\000i\000n\000c\000l\000u\000d\000e\000/\000I\000O\000.\000h\000\040\000F\000i\000l\000e\000\040\000R\000e\000f\000e\000r\000e\000n\000c\000e}{section.27}% 47
\BOOKMARK [3][-]{subsubsection.27.5.1}{\376\377\0002\0007\000.\0005\000.\0001\000\040\000D\000e\000t\000a\000i\000l\000e\000d\000\040\000D\000e\000s\000c\000r\000i\000p\000t\000i\000o\000n}{subsection.27.5}% 48
\BOOKMARK [3][-]{subsubsection.27.5.2}{\376\377\0002\0007\000.\0005\000.\0002\000\040\000M\000a\000c\000r\000o\000\040\000D\000e\000f\000i\000n\000i\000t\000i\000o\000n\000\040\000D\000o\000c\000u\000m\000e\000n\000t\000a\000t\000i\000o\000n}{subsection.27.5}% 49
\BOOKMARK [2][-]{subsection.27.6}{\376\377\0002\0007\000.\0006\000\040\000/\000U\000s\000e\000r\000s\000/\000d\000a\000i\000z\000h\000i\000r\000u\000i\000/\000D\000e\000v\000e\000l\000o\000p\000m\000e\000n\000t\000/\000C\000a\000m\000e\000l\000S\000t\000u\000d\000i\000o\000\137\000L\000i\000b\000r\000a\000r\000y\000/\000r\000e\000l\000e\000a\000s\000e\000/\000i\000n\000c\000l\000u\000d\000e\000/\000L\000C\000D\000.\000h\000\040\000F\000i\000l\000e\000\040\000R\000e\000f\000e\000r\000e\000n\000c\000e}{section.27}% 50
\BOOKMARK [3][-]{subsubsection.27.6.1}{\376\377\0002\0007\000.\0006\000.\0001\000\040\000D\000e\000t\000a\000i\000l\000e\000d\000\040\000D\000e\000s\000c\000r\000i\000p\000t\000i\000o\000n}{subsection.27.6}% 51
\BOOKMARK [2][-]{subsection.27.7}{\376\377\0002\0007\000.\0007\000\040\000/\000U\000s\000e\000r\000s\000/\000d\000a\000i\000z\000h\000i\000r\000u\000i\000/\000D\000e\000v\000e\000l\000o\000p\000m\000e\000n\000t\000/\000C\000a\000m\000e\000l\000S\000t\000u\000d\000i\000o\000\137\000L\000i\000b\000r\000a\000r\000y\000/\000r\000e\000l\000e\000a\000s\000e\000/\000i\000n\000c\000l\000u\000d\000e\000/\000m\000c\000u\000.\000h\000\040\000F\000i\000l\000e\000\040\000R\000e\000f\000e\000r\000e\000n\000c\000e}{section.27}% 52
\BOOKMARK [3][-]{subsubsection.27.7.1}{\376\377\0002\0007\000.\0007\000.\0001\000\040\000D\000e\000t\000a\000i\000l\000e\000d\000\040\000D\000e\000s\000c\000r\000i\000p\000t\000i\000o\000n}{subsection.27.7}% 53
\BOOKMARK [3][-]{subsubsection.27.7.2}{\376\377\0002\0007\000.\0007\000.\0002\000\040\000M\000a\000c\000r\000o\000\040\000D\000e\000f\000i\000n\000i\000t\000i\000o\000n\000\040\000D\000o\000c\000u\000m\000e\000n\000t\000a\000t\000i\000o\000n}{subsection.27.7}% 54
\BOOKMARK [3][-]{subsubsection.27.7.3}{\376\377\0002\0007\000.\0007\000.\0003\000\040\000F\000u\000n\000c\000t\000i\000o\000n\000\040\000D\000o\000c\000u\000m\000e\000n\000t\000a\000t\000i\000o\000n}{subsection.27.7}% 55
\BOOKMARK [2][-]{subsection.27.8}{\376\377\0002\0007\000.\0008\000\040\000/\000U\000s\000e\000r\000s\000/\000d\000a\000i\000z\000h\000i\000r\000u\000i\000/\000D\000e\000v\000e\000l\000o\000p\000m\000e\000n\000t\000/\000C\000a\000m\000e\000l\000S\000t\000u\000d\000i\000o\000\137\000L\000i\000b\000r\000a\000r\000y\000/\000r\000e\000l\000e\000a\000s\000e\000/\000i\000n\000c\000l\000u\000d\000e\000/\000s\000o\000f\000t\000\137\000f\000p\000.\000h\000\040\000F\000i\000l\000e\000\040\000R\000e\000f\000e\000r\000e\000n\000c\000e}{section.27}% 56
\BOOKMARK [3][-]{subsubsection.27.8.1}{\376\377\0002\0007\000.\0008\000.\0001\000\040\000D\000e\000t\000a\000i\000l\000e\000d\000\040\000D\000e\000s\000c\000r\000i\000p\000t\000i\000o\000n}{subsection.27.8}% 57
\BOOKMARK [3][-]{subsubsection.27.8.2}{\376\377\0002\0007\000.\0008\000.\0002\000\040\000M\000a\000c\000r\000o\000\040\000D\000e\000f\000i\000n\000i\000t\000i\000o\000n\000\040\000D\000o\000c\000u\000m\000e\000n\000t\000a\000t\000i\000o\000n}{subsection.27.8}% 58
\BOOKMARK [3][-]{subsubsection.27.8.3}{\376\377\0002\0007\000.\0008\000.\0003\000\040\000F\000u\000n\000c\000t\000i\000o\000n\000\040\000D\000o\000c\000u\000m\000e\000n\000t\000a\000t\000i\000o\000n}{subsection.27.8}% 59
\BOOKMARK [2][-]{subsection.27.9}{\376\377\0002\0007\000.\0009\000\040\000/\000U\000s\000e\000r\000s\000/\000d\000a\000i\000z\000h\000i\000r\000u\000i\000/\000D\000e\000v\000e\000l\000o\000p\000m\000e\000n\000t\000/\000C\000a\000m\000e\000l\000S\000t\000u\000d\000i\000o\000\137\000L\000i\000b\000r\000a\000r\000y\000/\000r\000e\000l\000e\000a\000s\000e\000/\000i\000n\000c\000l\000u\000d\000e\000/\000s\000t\000d\000i\000o\000.\000h\000\040\000F\000i\000l\000e\000\040\000R\000e\000f\000e\000r\000e\000n\000c\000e}{section.27}% 60
\BOOKMARK [3][-]{subsubsection.27.9.1}{\376\377\0002\0007\000.\0009\000.\0001\000\040\000D\000e\000t\000a\000i\000l\000e\000d\000\040\000D\000e\000s\000c\000r\000i\000p\000t\000i\000o\000n}{subsection.27.9}% 61
\BOOKMARK [3][-]{subsubsection.27.9.2}{\376\377\0002\0007\000.\0009\000.\0002\000\040\000M\000a\000c\000r\000o\000\040\000D\000e\000f\000i\000n\000i\000t\000i\000o\000n\000\040\000D\000o\000c\000u\000m\000e\000n\000t\000a\000t\000i\000o\000n}{subsection.27.9}% 62
\BOOKMARK [3][-]{subsubsection.27.9.3}{\376\377\0002\0007\000.\0009\000.\0003\000\040\000F\000u\000n\000c\000t\000i\000o\000n\000\040\000D\000o\000c\000u\000m\000e\000n\000t\000a\000t\000i\000o\000n}{subsection.27.9}% 63
\BOOKMARK [2][-]{subsection.27.10}{\376\377\0002\0007\000.\0001\0000\000\040\000/\000U\000s\000e\000r\000s\000/\000d\000a\000i\000z\000h\000i\000r\000u\000i\000/\000D\000e\000v\000e\000l\000o\000p\000m\000e\000n\000t\000/\000C\000a\000m\000e\000l\000S\000t\000u\000d\000i\000o\000\137\000L\000i\000b\000r\000a\000r\000y\000/\000r\000e\000l\000e\000a\000s\000e\000/\000i\000n\000c\000l\000u\000d\000e\000/\000s\000t\000d\000i\000o\000\137\000f\000p\000.\000h\000\040\000F\000i\000l\000e\000\040\000R\000e\000f\000e\000r\000e\000n\000c\000e}{section.27}% 64
\BOOKMARK [3][-]{subsubsection.27.10.1}{\376\377\0002\0007\000.\0001\0000\000.\0001\000\040\000D\000e\000t\000a\000i\000l\000e\000d\000\040\000D\000e\000s\000c\000r\000i\000p\000t\000i\000o\000n}{subsection.27.10}% 65
\BOOKMARK [2][-]{subsection.27.11}{\376\377\0002\0007\000.\0001\0001\000\040\000/\000U\000s\000e\000r\000s\000/\000d\000a\000i\000z\000h\000i\000r\000u\000i\000/\000D\000e\000v\000e\000l\000o\000p\000m\000e\000n\000t\000/\000C\000a\000m\000e\000l\000S\000t\000u\000d\000i\000o\000\137\000L\000i\000b\000r\000a\000r\000y\000/\000r\000e\000l\000e\000a\000s\000e\000/\000i\000n\000c\000l\000u\000d\000e\000/\000s\000t\000d\000l\000i\000b\000.\000h\000\040\000F\000i\000l\000e\000\040\000R\000e\000f\000e\000r\000e\000n\000c\000e}{section.27}% 66
\BOOKMARK [3][-]{subsubsection.27.11.1}{\376\377\0002\0007\000.\0001\0001\000.\0001\000\040\000D\000e\000t\000a\000i\000l\000e\000d\000\040\000D\000e\000s\000c\000r\000i\000p\000t\000i\000o\000n}{subsection.27.11}% 67
\BOOKMARK [3][-]{subsubsection.27.11.2}{\376\377\0002\0007\000.\0001\0001\000.\0002\000\040\000F\000u\000n\000c\000t\000i\000o\000n\000\040\000D\000o\000c\000u\000m\000e\000n\000t\000a\000t\000i\000o\000n}{subsection.27.11}% 68
\BOOKMARK [2][-]{subsection.27.12}{\376\377\0002\0007\000.\0001\0002\000\040\000/\000U\000s\000e\000r\000s\000/\000d\000a\000i\000z\000h\000i\000r\000u\000i\000/\000D\000e\000v\000e\000l\000o\000p\000m\000e\000n\000t\000/\000C\000a\000m\000e\000l\000S\000t\000u\000d\000i\000o\000\137\000L\000i\000b\000r\000a\000r\000y\000/\000r\000e\000l\000e\000a\000s\000e\000/\000i\000n\000c\000l\000u\000d\000e\000/\000s\000t\000d\000l\000i\000b\000\137\000f\000p\000.\000h\000\040\000F\000i\000l\000e\000\040\000R\000e\000f\000e\000r\000e\000n\000c\000e}{section.27}% 69
\BOOKMARK [3][-]{subsubsection.27.12.1}{\376\377\0002\0007\000.\0001\0002\000.\0001\000\040\000D\000e\000t\000a\000i\000l\000e\000d\000\040\000D\000e\000s\000c\000r\000i\000p\000t\000i\000o\000n}{subsection.27.12}% 70
\BOOKMARK [2][-]{subsection.27.13}{\376\377\0002\0007\000.\0001\0003\000\040\000/\000U\000s\000e\000r\000s\000/\000d\000a\000i\000z\000h\000i\000r\000u\000i\000/\000D\000e\000v\000e\000l\000o\000p\000m\000e\000n\000t\000/\000C\000a\000m\000e\000l\000S\000t\000u\000d\000i\000o\000\137\000L\000i\000b\000r\000a\000r\000y\000/\000r\000e\000l\000e\000a\000s\000e\000/\000i\000n\000c\000l\000u\000d\000e\000/\000s\000t\000r\000i\000n\000g\000.\000h\000\040\000F\000i\000l\000e\000\040\000R\000e\000f\000e\000r\000e\000n\000c\000e}{section.27}% 71
\BOOKMARK [3][-]{subsubsection.27.13.1}{\376\377\0002\0007\000.\0001\0003\000.\0001\000\040\000D\000e\000t\000a\000i\000l\000e\000d\000\040\000D\000e\000s\000c\000r\000i\000p\000t\000i\000o\000n}{subsection.27.13}% 72
\BOOKMARK [3][-]{subsubsection.27.13.2}{\376\377\0002\0007\000.\0001\0003\000.\0002\000\040\000M\000a\000c\000r\000o\000\040\000D\000e\000f\000i\000n\000i\000t\000i\000o\000n\000\040\000D\000o\000c\000u\000m\000e\000n\000t\000a\000t\000i\000o\000n}{subsection.27.13}% 73
\BOOKMARK [3][-]{subsubsection.27.13.3}{\376\377\0002\0007\000.\0001\0003\000.\0003\000\040\000F\000u\000n\000c\000t\000i\000o\000n\000\040\000D\000o\000c\000u\000m\000e\000n\000t\000a\000t\000i\000o\000n}{subsection.27.13}% 74
\BOOKMARK [2][-]{subsection.27.14}{\376\377\0002\0007\000.\0001\0004\000\040\000/\000U\000s\000e\000r\000s\000/\000d\000a\000i\000z\000h\000i\000r\000u\000i\000/\000D\000e\000v\000e\000l\000o\000p\000m\000e\000n\000t\000/\000C\000a\000m\000e\000l\000S\000t\000u\000d\000i\000o\000\137\000L\000i\000b\000r\000a\000r\000y\000/\000r\000e\000l\000e\000a\000s\000e\000/\000i\000n\000c\000l\000u\000d\000e\000/\000T\000C\0000\000.\000h\000\040\000F\000i\000l\000e\000\040\000R\000e\000f\000e\000r\000e\000n\000c\000e}{section.27}% 75
\BOOKMARK [3][-]{subsubsection.27.14.1}{\376\377\0002\0007\000.\0001\0004\000.\0001\000\040\000D\000e\000t\000a\000i\000l\000e\000d\000\040\000D\000e\000s\000c\000r\000i\000p\000t\000i\000o\000n}{subsection.27.14}% 76
\BOOKMARK [3][-]{subsubsection.27.14.2}{\376\377\0002\0007\000.\0001\0004\000.\0002\000\040\000M\000a\000c\000r\000o\000\040\000D\000e\000f\000i\000n\000i\000t\000i\000o\000n\000\040\000D\000o\000c\000u\000m\000e\000n\000t\000a\000t\000i\000o\000n}{subsection.27.14}% 77
\BOOKMARK [2][-]{subsection.27.15}{\376\377\0002\0007\000.\0001\0005\000\040\000/\000U\000s\000e\000r\000s\000/\000d\000a\000i\000z\000h\000i\000r\000u\000i\000/\000D\000e\000v\000e\000l\000o\000p\000m\000e\000n\000t\000/\000C\000a\000m\000e\000l\000S\000t\000u\000d\000i\000o\000\137\000L\000i\000b\000r\000a\000r\000y\000/\000r\000e\000l\000e\000a\000s\000e\000/\000i\000n\000c\000l\000u\000d\000e\000/\000T\000C\0001\000.\000h\000\040\000F\000i\000l\000e\000\040\000R\000e\000f\000e\000r\000e\000n\000c\000e}{section.27}% 78
\BOOKMARK [3][-]{subsubsection.27.15.1}{\376\377\0002\0007\000.\0001\0005\000.\0001\000\040\000D\000e\000t\000a\000i\000l\000e\000d\000\040\000D\000e\000s\000c\000r\000i\000p\000t\000i\000o\000n}{subsection.27.15}% 79
\BOOKMARK [3][-]{subsubsection.27.15.2}{\376\377\0002\0007\000.\0001\0005\000.\0002\000\040\000M\000a\000c\000r\000o\000\040\000D\000e\000f\000i\000n\000i\000t\000i\000o\000n\000\040\000D\000o\000c\000u\000m\000e\000n\000t\000a\000t\000i\000o\000n}{subsection.27.15}% 80
\BOOKMARK [2][-]{subsection.27.16}{\376\377\0002\0007\000.\0001\0006\000\040\000/\000U\000s\000e\000r\000s\000/\000d\000a\000i\000z\000h\000i\000r\000u\000i\000/\000D\000e\000v\000e\000l\000o\000p\000m\000e\000n\000t\000/\000C\000a\000m\000e\000l\000S\000t\000u\000d\000i\000o\000\137\000L\000i\000b\000r\000a\000r\000y\000/\000r\000e\000l\000e\000a\000s\000e\000/\000i\000n\000c\000l\000u\000d\000e\000/\000T\000C\0002\000.\000h\000\040\000F\000i\000l\000e\000\040\000R\000e\000f\000e\000r\000e\000n\000c\000e}{section.27}% 81
\BOOKMARK [3][-]{subsubsection.27.16.1}{\376\377\0002\0007\000.\0001\0006\000.\0001\000\040\000D\000e\000t\000a\000i\000l\000e\000d\000\040\000D\000e\000s\000c\000r\000i\000p\000t\000i\000o\000n}{subsection.27.16}% 82
\BOOKMARK [3][-]{subsubsection.27.16.2}{\376\377\0002\0007\000.\0001\0006\000.\0002\000\040\000M\000a\000c\000r\000o\000\040\000D\000e\000f\000i\000n\000i\000t\000i\000o\000n\000\040\000D\000o\000c\000u\000m\000e\000n\000t\000a\000t\000i\000o\000n}{subsection.27.16}% 83
\BOOKMARK [2][-]{subsection.27.17}{\376\377\0002\0007\000.\0001\0007\000\040\000/\000U\000s\000e\000r\000s\000/\000d\000a\000i\000z\000h\000i\000r\000u\000i\000/\000D\000e\000v\000e\000l\000o\000p\000m\000e\000n\000t\000/\000C\000a\000m\000e\000l\000S\000t\000u\000d\000i\000o\000\137\000L\000i\000b\000r\000a\000r\000y\000/\000r\000e\000l\000e\000a\000s\000e\000/\000i\000n\000c\000l\000u\000d\000e\000/\000T\000C\0004\000.\000h\000\040\000F\000i\000l\000e\000\040\000R\000e\000f\000e\000r\000e\000n\000c\000e}{section.27}% 84
\BOOKMARK [3][-]{subsubsection.27.17.1}{\376\377\0002\0007\000.\0001\0007\000.\0001\000\040\000D\000e\000t\000a\000i\000l\000e\000d\000\040\000D\000e\000s\000c\000r\000i\000p\000t\000i\000o\000n}{subsection.27.17}% 85
\BOOKMARK [3][-]{subsubsection.27.17.2}{\376\377\0002\0007\000.\0001\0007\000.\0002\000\040\000M\000a\000c\000r\000o\000\040\000D\000e\000f\000i\000n\000i\000t\000i\000o\000n\000\040\000D\000o\000c\000u\000m\000e\000n\000t\000a\000t\000i\000o\000n}{subsection.27.17}% 86
\BOOKMARK [2][-]{subsection.27.18}{\376\377\0002\0007\000.\0001\0008\000\040\000/\000U\000s\000e\000r\000s\000/\000d\000a\000i\000z\000h\000i\000r\000u\000i\000/\000D\000e\000v\000e\000l\000o\000p\000m\000e\000n\000t\000/\000C\000a\000m\000e\000l\000S\000t\000u\000d\000i\000o\000\137\000L\000i\000b\000r\000a\000r\000y\000/\000r\000e\000l\000e\000a\000s\000e\000/\000i\000n\000c\000l\000u\000d\000e\000/\000t\000i\000m\000e\000.\000h\000\040\000F\000i\000l\000e\000\040\000R\000e\000f\000e\000r\000e\000n\000c\000e}{section.27}% 87
\BOOKMARK [3][-]{subsubsection.27.18.1}{\376\377\0002\0007\000.\0001\0008\000.\0001\000\040\000D\000e\000t\000a\000i\000l\000e\000d\000\040\000D\000e\000s\000c\000r\000i\000p\000t\000i\000o\000n}{subsection.27.18}% 88
\BOOKMARK [3][-]{subsubsection.27.18.2}{\376\377\0002\0007\000.\0001\0008\000.\0002\000\040\000M\000a\000c\000r\000o\000\040\000D\000e\000f\000i\000n\000i\000t\000i\000o\000n\000\040\000D\000o\000c\000u\000m\000e\000n\000t\000a\000t\000i\000o\000n}{subsection.27.18}% 89
\BOOKMARK [3][-]{subsubsection.27.18.3}{\376\377\0002\0007\000.\0001\0008\000.\0003\000\040\000F\000u\000n\000c\000t\000i\000o\000n\000\040\000D\000o\000c\000u\000m\000e\000n\000t\000a\000t\000i\000o\000n}{subsection.27.18}% 90
\BOOKMARK [2][-]{subsection.27.19}{\376\377\0002\0007\000.\0001\0009\000\040\000/\000U\000s\000e\000r\000s\000/\000d\000a\000i\000z\000h\000i\000r\000u\000i\000/\000D\000e\000v\000e\000l\000o\000p\000m\000e\000n\000t\000/\000C\000a\000m\000e\000l\000S\000t\000u\000d\000i\000o\000\137\000L\000i\000b\000r\000a\000r\000y\000/\000r\000e\000l\000e\000a\000s\000e\000/\000i\000n\000c\000l\000u\000d\000e\000/\000U\000A\000R\000T\000.\000h\000\040\000F\000i\000l\000e\000\040\000R\000e\000f\000e\000r\000e\000n\000c\000e}{section.27}% 91
\BOOKMARK [3][-]{subsubsection.27.19.1}{\376\377\0002\0007\000.\0001\0009\000.\0001\000\040\000D\000e\000t\000a\000i\000l\000e\000d\000\040\000D\000e\000s\000c\000r\000i\000p\000t\000i\000o\000n}{subsection.27.19}% 92
\BOOKMARK [3][-]{subsubsection.27.19.2}{\376\377\0002\0007\000.\0001\0009\000.\0002\000\040\000M\000a\000c\000r\000o\000\040\000D\000e\000f\000i\000n\000i\000t\000i\000o\000n\000\040\000D\000o\000c\000u\000m\000e\000n\000t\000a\000t\000i\000o\000n}{subsection.27.19}% 93
\BOOKMARK [3][-]{subsubsection.27.19.3}{\376\377\0002\0007\000.\0001\0009\000.\0003\000\040\000F\000u\000n\000c\000t\000i\000o\000n\000\040\000D\000o\000c\000u\000m\000e\000n\000t\000a\000t\000i\000o\000n}{subsection.27.19}% 94
\BOOKMARK [2][-]{subsection.27.20}{\376\377\0002\0007\000.\0002\0000\000\040\000/\000U\000s\000e\000r\000s\000/\000d\000a\000i\000z\000h\000i\000r\000u\000i\000/\000D\000e\000v\000e\000l\000o\000p\000m\000e\000n\000t\000/\000C\000a\000m\000e\000l\000S\000t\000u\000d\000i\000o\000\137\000L\000i\000b\000r\000a\000r\000y\000/\000r\000e\000l\000e\000a\000s\000e\000/\000i\000n\000c\000l\000u\000d\000e\000/\000W\000D\000T\000.\000h\000\040\000F\000i\000l\000e\000\040\000R\000e\000f\000e\000r\000e\000n\000c\000e}{section.27}% 95
\BOOKMARK [3][-]{subsubsection.27.20.1}{\376\377\0002\0007\000.\0002\0000\000.\0001\000\040\000D\000e\000t\000a\000i\000l\000e\000d\000\040\000D\000e\000s\000c\000r\000i\000p\000t\000i\000o\000n}{subsection.27.20}% 96
\BOOKMARK [3][-]{subsubsection.27.20.2}{\376\377\0002\0007\000.\0002\0000\000.\0002\000\040\000M\000a\000c\000r\000o\000\040\000D\000e\000f\000i\000n\000i\000t\000i\000o\000n\000\040\000D\000o\000c\000u\000m\000e\000n\000t\000a\000t\000i\000o\000n}{subsection.27.20}% 97
